"enter to show helpError:   Failed to scan for dependencies from entries:"
"estrator/index.html"
"estrator/index.html  X [ERROR] ENOENT: no such file or directory, open 'C:\\Users\\gabriele\\Documents\\GitHub\\PRIMO_POS\\packages\\core-ui\\src\\src\\components\\LoadingSpinner.vue' [plugin vite:dep-scan]"
"estrator/index.html  X [ERROR] ENOENT: no such file or directory, open 'C:\\Users\\gabriele\\Documents\\GitHub\\PRIMO_POS\\packages\\core-ui\\src\\src\\components\\LoadingSpinner.vue' [plugin vite:dep-scan]    ../../node_modules/.pnpm/esbuild@0.21.5/node_modules/esbuild/lib/main.js:1275:21:"
"estrator/index.html  X [ERROR] ENOENT: no such file or directory, open 'C:\\Users\\gabriele\\Documents\\GitHub\\PRIMO_POS\\packages\\core-ui\\src\\src\\components\\LoadingSpinner.vue' [plugin vite:dep-scan]    ../../node_modules/.pnpm/esbuild@0.21.5/node_modules/esbuild/lib/main.js:1275:21:      1275          let result = await callback({"
"estrator/index.html  X [ERROR] ENOENT: no such file or directory, open 'C:\\Users\\gabriele\\Documents\\GitHub\\PRIMO_POS\\packages\\core-ui\\src\\src\\components\\LoadingSpinner.vue' [plugin vite:dep-scan]    ../../node_modules/.pnpm/esbuild@0.21.5/node_modules/esbuild/lib/main.js:1275:21:      1275          let result = await callback({                                 ^"
"es:641:25)"
"l/fs/promises:1279:14)"
"l/fs/promises:1279:14)    at async htmlTypeOnLoadCallback (file:///C:/Users/gabriele/Documents/GitHub/PRIMO_POS/node_modules/.pnpm/vite@5.4.21_@types+node@22.19.2/node_modules/vite/dist/node/chunks/dep-BK3b2jBa.js:49701:19)"
"l/fs/promises:1279:14)    at async htmlTypeOnLoadCallback (file:///C:/Users/gabriele/Documents/GitHub/PRIMO_POS/node_modules/.pnpm/vite@5.4.21_@types+node@22.19.2/node_modules/vite/dist/node/chunks/dep-BK3b2jBa.js:49701:19)    at async requestCallbacks.on-load (C:\\Users\\gabriele\\Documents\\GitHub\\PRIMO_POS\\node_modules\\.pnpm\\esbuild@0.21.5\\node_modules\\esbuild\\lib\\main.js:1275:22)"
"l/fs/promises:1279:14)    at async htmlTypeOnLoadCallback (file:///C:/Users/gabriele/Documents/GitHub/PRIMO_POS/node_modules/.pnpm/vite@5.4.21_@types+node@22.19.2/node_modules/vite/dist/node/chunks/dep-BK3b2jBa.js:49701:19)    at async requestCallbacks.on-load (C:\\Users\\gabriele\\Documents\\GitHub\\PRIMO_POS\\node_modules\\.pnpm\\esbuild@0.21.5\\node_modules\\esbuild\\lib\\main.js:1275:22)    at async handleRequest (C:\\Users\\gabriele\\Documents\\GitHub\\PRIMO_POS\\node_modules\\.pnpm\\esbuild@0.21.5\\node_modules\\esbuild\\lib\\main.js:647:11)"
"l/fs/promises:1279:14)    at async htmlTypeOnLoadCallback (file:///C:/Users/gabriele/Documents/GitHub/PRIMO_POS/node_modules/.pnpm/vite@5.4.21_@types+node@22.19.2/node_modules/vite/dist/node/chunks/dep-BK3b2jBa.js:49701:19)    at async requestCallbacks.on-load (C:\\Users\\gabriele\\Documents\\GitHub\\PRIMO_POS\\node_modules\\.pnpm\\esbuild@0.21.5\\node_modules\\esbuild\\lib\\main.js:1275:22)    at async handleRequest (C:\\Users\\gabriele\\Documents\\GitHub\\PRIMO_POS\\node_modules\\.pnpm\\esbuild@0.21.5\\node_modules\\esbuild\\lib\\main.js:647:11)  This error came from the \"onLoad\" callback registered here:"
"l/fs/promises:1279:14)    at async htmlTypeOnLoadCallback (file:///C:/Users/gabriele/Documents/GitHub/PRIMO_POS/node_modules/.pnpm/vite@5.4.21_@types+node@22.19.2/node_modules/vite/dist/node/chunks/dep-BK3b2jBa.js:49701:19)    at async requestCallbacks.on-load (C:\\Users\\gabriele\\Documents\\GitHub\\PRIMO_POS\\node_modules\\.pnpm\\esbuild@0.21.5\\node_modules\\esbuild\\lib\\main.js:1275:22)    at async handleRequest (C:\\Users\\gabriele\\Documents\\GitHub\\PRIMO_POS\\node_modules\\.pnpm\\esbuild@0.21.5\\node_modules\\esbuild\\lib\\main.js:647:11)  This error came from the \"onLoad\" callback registered here:    ../../node_modules/.pnpm/esbuild@0.21.5/node_modules/esbuild/lib/main.js:1150:20:"
"l/fs/promises:1279:14)    at async htmlTypeOnLoadCallback (file:///C:/Users/gabriele/Documents/GitHub/PRIMO_POS/node_modules/.pnpm/vite@5.4.21_@types+node@22.19.2/node_modules/vite/dist/node/chunks/dep-BK3b2jBa.js:49701:19)    at async requestCallbacks.on-load (C:\\Users\\gabriele\\Documents\\GitHub\\PRIMO_POS\\node_modules\\.pnpm\\esbuild@0.21.5\\node_modules\\esbuild\\lib\\main.js:1275:22)    at async handleRequest (C:\\Users\\gabriele\\Documents\\GitHub\\PRIMO_POS\\node_modules\\.pnpm\\esbuild@0.21.5\\node_modules\\esbuild\\lib\\main.js:647:11)  This error came from the \"onLoad\" callback registered here:    ../../node_modules/.pnpm/esbuild@0.21.5/node_modules/esbuild/lib/main.js:1150:20:      1150        let promise = setup({"
"l/fs/promises:1279:14)    at async htmlTypeOnLoadCallback (file:///C:/Users/gabriele/Documents/GitHub/PRIMO_POS/node_modules/.pnpm/vite@5.4.21_@types+node@22.19.2/node_modules/vite/dist/node/chunks/dep-BK3b2jBa.js:49701:19)    at async requestCallbacks.on-load (C:\\Users\\gabriele\\Documents\\GitHub\\PRIMO_POS\\node_modules\\.pnpm\\esbuild@0.21.5\\node_modules\\esbuild\\lib\\main.js:1275:22)    at async handleRequest (C:\\Users\\gabriele\\Documents\\GitHub\\PRIMO_POS\\node_modules\\.pnpm\\esbuild@0.21.5\\node_modules\\esbuild\\lib\\main.js:647:11)  This error came from the \"onLoad\" callback registered here:    ../../node_modules/.pnpm/esbuild@0.21.5/node_modules/esbuild/lib/main.js:1150:20:      1150        let promise = setup({                                ^"
"l/fs/promises:1279:14)    at async htmlTypeOnLoadCallback (file:///C:/Users/gabriele/Documents/GitHub/PRIMO_POS/node_modules/.pnpm/vite@5.4.21_@types+node@22.19.2/node_modules/vite/dist/node/chunks/dep-BK3b2jBa.js:49701:19)    at async requestCallbacks.on-load (C:\\Users\\gabriele\\Documents\\GitHub\\PRIMO_POS\\node_modules\\.pnpm\\esbuild@0.21.5\\node_modules\\esbuild\\lib\\main.js:1275:22)    at async handleRequest (C:\\Users\\gabriele\\Documents\\GitHub\\PRIMO_POS\\node_modules\\.pnpm\\esbuild@0.21.5\\node_modules\\esbuild\\lib\\main.js:647:11)  This error came from the \"onLoad\" callback registered here:    ../../node_modules/.pnpm/esbuild@0.21.5/node_modules/esbuild/lib/main.js:1150:20:      1150        let promise = setup({                                ^    at setup (file:///C:/Users/gabriele/Documents/GitHub/PRIMO_POS/node_modules/.pnpm/vite@5.4.21_@types+node@22.19.2/node_modules/vite/dist/node/chunks/dep-BK3b2jBa.js:49781:13)"
"l/fs/promises:1279:14)    at async htmlTypeOnLoadCallback (file:///C:/Users/gabriele/Documents/GitHub/PRIMO_POS/node_modules/.pnpm/vite@5.4.21_@types+node@22.19.2/node_modules/vite/dist/node/chunks/dep-BK3b2jBa.js:49701:19)    at async requestCallbacks.on-load (C:\\Users\\gabriele\\Documents\\GitHub\\PRIMO_POS\\node_modules\\.pnpm\\esbuild@0.21.5\\node_modules\\esbuild\\lib\\main.js:1275:22)    at async handleRequest (C:\\Users\\gabriele\\Documents\\GitHub\\PRIMO_POS\\node_modules\\.pnpm\\esbuild@0.21.5\\node_modules\\esbuild\\lib\\main.js:647:11)  This error came from the \"onLoad\" callback registered here:    ../../node_modules/.pnpm/esbuild@0.21.5/node_modules/esbuild/lib/main.js:1150:20:      1150        let promise = setup({                                ^    at setup (file:///C:/Users/gabriele/Documents/GitHub/PRIMO_POS/node_modules/.pnpm/vite@5.4.21_@types+node@22.19.2/node_modules/vite/dist/node/chunks/dep-BK3b2jBa.js:49781:13)    at handlePlugins (C:\\Users\\gabriele\\Documents\\GitHub\\PRIMO_POS\\node_modules\\.pnpm\\esbuild@0.21.5\\node_modules\\esbuild\\lib\\main.js:1150:21)"
"l/fs/promises:1279:14)    at async htmlTypeOnLoadCallback (file:///C:/Users/gabriele/Documents/GitHub/PRIMO_POS/node_modules/.pnpm/vite@5.4.21_@types+node@22.19.2/node_modules/vite/dist/node/chunks/dep-BK3b2jBa.js:49701:19)    at async requestCallbacks.on-load (C:\\Users\\gabriele\\Documents\\GitHub\\PRIMO_POS\\node_modules\\.pnpm\\esbuild@0.21.5\\node_modules\\esbuild\\lib\\main.js:1275:22)    at async handleRequest (C:\\Users\\gabriele\\Documents\\GitHub\\PRIMO_POS\\node_modules\\.pnpm\\esbuild@0.21.5\\node_modules\\esbuild\\lib\\main.js:647:11)  This error came from the \"onLoad\" callback registered here:    ../../node_modules/.pnpm/esbuild@0.21.5/node_modules/esbuild/lib/main.js:1150:20:      1150        let promise = setup({                                ^    at setup (file:///C:/Users/gabriele/Documents/GitHub/PRIMO_POS/node_modules/.pnpm/vite@5.4.21_@types+node@22.19.2/node_modules/vite/dist/node/chunks/dep-BK3b2jBa.js:49781:13)    at handlePlugins (C:\\Users\\gabriele\\Documents\\GitHub\\PRIMO_POS\\node_modules\\.pnpm\\esbuild@0.21.5\\node_modules\\esbuild\\lib\\main.js:1150:21)    at buildOrContextImpl (C:\\Users\\gabriele\\Documents\\GitHub\\PRIMO_POS\\node_modules\\.pnpm\\esbuild@0.21.5\\node_modules\\esbuild\\lib\\main.js:873:5)"
"l/fs/promises:1279:14)    at async htmlTypeOnLoadCallback (file:///C:/Users/gabriele/Documents/GitHub/PRIMO_POS/node_modules/.pnpm/vite@5.4.21_@types+node@22.19.2/node_modules/vite/dist/node/chunks/dep-BK3b2jBa.js:49701:19)    at async requestCallbacks.on-load (C:\\Users\\gabriele\\Documents\\GitHub\\PRIMO_POS\\node_modules\\.pnpm\\esbuild@0.21.5\\node_modules\\esbuild\\lib\\main.js:1275:22)    at async handleRequest (C:\\Users\\gabriele\\Documents\\GitHub\\PRIMO_POS\\node_modules\\.pnpm\\esbuild@0.21.5\\node_modules\\esbuild\\lib\\main.js:647:11)  This error came from the \"onLoad\" callback registered here:    ../../node_modules/.pnpm/esbuild@0.21.5/node_modules/esbuild/lib/main.js:1150:20:      1150        let promise = setup({                                ^    at setup (file:///C:/Users/gabriele/Documents/GitHub/PRIMO_POS/node_modules/.pnpm/vite@5.4.21_@types+node@22.19.2/node_modules/vite/dist/node/chunks/dep-BK3b2jBa.js:49781:13)    at handlePlugins (C:\\Users\\gabriele\\Documents\\GitHub\\PRIMO_POS\\node_modules\\.pnpm\\esbuild@0.21.5\\node_modules\\esbuild\\lib\\main.js:1150:21)    at buildOrContextImpl (C:\\Users\\gabriele\\Documents\\GitHub\\PRIMO_POS\\node_modules\\.pnpm\\esbuild@0.21.5\\node_modules\\esbuild\\lib\\main.js:873:5)    at Object.buildOrContext (C:\\Users\\gabriele\\Documents\\GitHub\\PRIMO_POS\\node_modules\\.pnpm\\esbuild@0.21.5\\node_modules\\esbuild\\lib\\main.js:699:5)"
"n.js:2032:68"
"n.js:2032:68    at new Promise (<anonymous>)"
"n.js:2032:68    at new Promise (<anonymous>)    at Object.context (C:\\Users\\gabriele\\Documents\\GitHub\\PRIMO_POS\\node_modules\\.pnpm\\esbuild@0.21.5\\node_modules\\esbuild\\lib\\main.js:2032:27)"
"n.js:2032:68    at new Promise (<anonymous>)    at Object.context (C:\\Users\\gabriele\\Documents\\GitHub\\PRIMO_POS\\node_modules\\.pnpm\\esbuild@0.21.5\\node_modules\\esbuild\\lib\\main.js:2032:27)    at Object.context (C:\\Users\\gabriele\\Documents\\GitHub\\PRIMO_POS\\node_modules\\.pnpm\\esbuild@0.21.5\\node_modules\\esbuild\\lib\\main.js:1874:58)"
"n.js:2032:68    at new Promise (<anonymous>)    at Object.context (C:\\Users\\gabriele\\Documents\\GitHub\\PRIMO_POS\\node_modules\\.pnpm\\esbuild@0.21.5\\node_modules\\esbuild\\lib\\main.js:2032:27)    at Object.context (C:\\Users\\gabriele\\Documents\\GitHub\\PRIMO_POS\\node_modules\\.pnpm\\esbuild@0.21.5\\node_modules\\esbuild\\lib\\main.js:1874:58)    at prepareEsbuildScanner (file:///C:/Users/gabriele/Documents/GitHub/PRIMO_POS/node_modules/.pnpm/vite@5.4.21_@types+node@22.19.2/node_modules/vite/dist/node/chunks/dep-BK3b2jBa.js:49576:24)"
"n.js:2032:68    at new Promise (<anonymous>)    at Object.context (C:\\Users\\gabriele\\Documents\\GitHub\\PRIMO_POS\\node_modules\\.pnpm\\esbuild@0.21.5\\node_modules\\esbuild\\lib\\main.js:2032:27)    at Object.context (C:\\Users\\gabriele\\Documents\\GitHub\\PRIMO_POS\\node_modules\\.pnpm\\esbuild@0.21.5\\node_modules\\esbuild\\lib\\main.js:1874:58)    at prepareEsbuildScanner (file:///C:/Users/gabriele/Documents/GitHub/PRIMO_POS/node_modules/.pnpm/vite@5.4.21_@types+node@22.19.2/node_modules/vite/dist/node/chunks/dep-BK3b2jBa.js:49576:24)  The plugin \"vite:dep-scan\" was triggered by this import"
"n.js:2032:68    at new Promise (<anonymous>)    at Object.context (C:\\Users\\gabriele\\Documents\\GitHub\\PRIMO_POS\\node_modules\\.pnpm\\esbuild@0.21.5\\node_modules\\esbuild\\lib\\main.js:2032:27)    at Object.context (C:\\Users\\gabriele\\Documents\\GitHub\\PRIMO_POS\\node_modules\\.pnpm\\esbuild@0.21.5\\node_modules\\esbuild\\lib\\main.js:1874:58)    at prepareEsbuildScanner (file:///C:/Users/gabriele/Documents/GitHub/PRIMO_POS/node_modules/.pnpm/vite@5.4.21_@types+node@22.19.2/node_modules/vite/dist/node/chunks/dep-BK3b2jBa.js:49576:24)  The plugin \"vite:dep-scan\" was triggered by this import    script:C:/Users/gabriele/Documents/GitHub/PRIMO_POS/feature-modules/staff-module/src/views/StaffHubView.vue?id=0:201:7:"
"n.js:2032:68    at new Promise (<anonymous>)    at Object.context (C:\\Users\\gabriele\\Documents\\GitHub\\PRIMO_POS\\node_modules\\.pnpm\\esbuild@0.21.5\\node_modules\\esbuild\\lib\\main.js:2032:27)    at Object.context (C:\\Users\\gabriele\\Documents\\GitHub\\PRIMO_POS\\node_modules\\.pnpm\\esbuild@0.21.5\\node_modules\\esbuild\\lib\\main.js:1874:58)    at prepareEsbuildScanner (file:///C:/Users/gabriele/Documents/GitHub/PRIMO_POS/node_modules/.pnpm/vite@5.4.21_@types+node@22.19.2/node_modules/vite/dist/node/chunks/dep-BK3b2jBa.js:49576:24)  The plugin \"vite:dep-scan\" was triggered by this import    script:C:/Users/gabriele/Documents/GitHub/PRIMO_POS/feature-modules/staff-module/src/views/StaffHubView.vue?id=0:201:7:      201  import '@pos-system/core-ui/src/components/LoadingSpinner.vue'"
"n.js:2032:68    at new Promise (<anonymous>)    at Object.context (C:\\Users\\gabriele\\Documents\\GitHub\\PRIMO_POS\\node_modules\\.pnpm\\esbuild@0.21.5\\node_modules\\esbuild\\lib\\main.js:2032:27)    at Object.context (C:\\Users\\gabriele\\Documents\\GitHub\\PRIMO_POS\\node_modules\\.pnpm\\esbuild@0.21.5\\node_modules\\esbuild\\lib\\main.js:1874:58)    at prepareEsbuildScanner (file:///C:/Users/gabriele/Documents/GitHub/PRIMO_POS/node_modules/.pnpm/vite@5.4.21_@types+node@22.19.2/node_modules/vite/dist/node/chunks/dep-BK3b2jBa.js:49576:24)  The plugin \"vite:dep-scan\" was triggered by this import    script:C:/Users/gabriele/Documents/GitHub/PRIMO_POS/feature-modules/staff-module/src/views/StaffHubView.vue?id=0:201:7:      201  import '@pos-system/core-ui/src/components/LoadingSpinner.vue'                  ~~~~~~~~~~~~~~~~~~~~~~~~~~~~~~~~~~~~~~~~~~~~~~~~~~~~~~~"
"n.js:2032:68    at new Promise (<anonymous>)    at Object.context (C:\\Users\\gabriele\\Documents\\GitHub\\PRIMO_POS\\node_modules\\.pnpm\\esbuild@0.21.5\\node_modules\\esbuild\\lib\\main.js:2032:27)    at Object.context (C:\\Users\\gabriele\\Documents\\GitHub\\PRIMO_POS\\node_modules\\.pnpm\\esbuild@0.21.5\\node_modules\\esbuild\\lib\\main.js:1874:58)    at prepareEsbuildScanner (file:///C:/Users/gabriele/Documents/GitHub/PRIMO_POS/node_modules/.pnpm/vite@5.4.21_@types+node@22.19.2/node_modules/vite/dist/node/chunks/dep-BK3b2jBa.js:49576:24)  The plugin \"vite:dep-scan\" was triggered by this import    script:C:/Users/gabriele/Documents/GitHub/PRIMO_POS/feature-modules/staff-module/src/views/StaffHubView.vue?id=0:201:7:      201  import '@pos-system/core-ui/src/components/LoadingSpinner.vue'                  ~~~~~~~~~~~~~~~~~~~~~~~~~~~~~~~~~~~~~~~~~~~~~~~~~~~~~~~X [ERROR] ENOENT: no such file or directory, open 'C:\\Users\\gabriele\\Documents\\GitHub\\PRIMO_POS\\packages\\core-ui\\src\\src\\components\\StatusBadge.vue' [plugin vite:dep-scan]"
"n.js:2032:68    at new Promise (<anonymous>)    at Object.context (C:\\Users\\gabriele\\Documents\\GitHub\\PRIMO_POS\\node_modules\\.pnpm\\esbuild@0.21.5\\node_modules\\esbuild\\lib\\main.js:2032:27)    at Object.context (C:\\Users\\gabriele\\Documents\\GitHub\\PRIMO_POS\\node_modules\\.pnpm\\esbuild@0.21.5\\node_modules\\esbuild\\lib\\main.js:1874:58)    at prepareEsbuildScanner (file:///C:/Users/gabriele/Documents/GitHub/PRIMO_POS/node_modules/.pnpm/vite@5.4.21_@types+node@22.19.2/node_modules/vite/dist/node/chunks/dep-BK3b2jBa.js:49576:24)  The plugin \"vite:dep-scan\" was triggered by this import    script:C:/Users/gabriele/Documents/GitHub/PRIMO_POS/feature-modules/staff-module/src/views/StaffHubView.vue?id=0:201:7:      201  import '@pos-system/core-ui/src/components/LoadingSpinner.vue'                  ~~~~~~~~~~~~~~~~~~~~~~~~~~~~~~~~~~~~~~~~~~~~~~~~~~~~~~~X [ERROR] ENOENT: no such file or directory, open 'C:\\Users\\gabriele\\Documents\\GitHub\\PRIMO_POS\\packages\\core-ui\\src\\src\\components\\StatusBadge.vue' [plugin vite:dep-scan]    ../../node_modules/.pnpm/esbuild@0.21.5/node_modules/esbuild/lib/main.js:1275:21:"
"n.js:2032:68    at new Promise (<anonymous>)    at Object.context (C:\\Users\\gabriele\\Documents\\GitHub\\PRIMO_POS\\node_modules\\.pnpm\\esbuild@0.21.5\\node_modules\\esbuild\\lib\\main.js:2032:27)    at Object.context (C:\\Users\\gabriele\\Documents\\GitHub\\PRIMO_POS\\node_modules\\.pnpm\\esbuild@0.21.5\\node_modules\\esbuild\\lib\\main.js:1874:58)    at prepareEsbuildScanner (file:///C:/Users/gabriele/Documents/GitHub/PRIMO_POS/node_modules/.pnpm/vite@5.4.21_@types+node@22.19.2/node_modules/vite/dist/node/chunks/dep-BK3b2jBa.js:49576:24)  The plugin \"vite:dep-scan\" was triggered by this import    script:C:/Users/gabriele/Documents/GitHub/PRIMO_POS/feature-modules/staff-module/src/views/StaffHubView.vue?id=0:201:7:      201  import '@pos-system/core-ui/src/components/LoadingSpinner.vue'                  ~~~~~~~~~~~~~~~~~~~~~~~~~~~~~~~~~~~~~~~~~~~~~~~~~~~~~~~X [ERROR] ENOENT: no such file or directory, open 'C:\\Users\\gabriele\\Documents\\GitHub\\PRIMO_POS\\packages\\core-ui\\src\\src\\components\\StatusBadge.vue' [plugin vite:dep-scan]    ../../node_modules/.pnpm/esbuild@0.21.5/node_modules/esbuild/lib/main.js:1275:21:      1275          let result = await callback({"
"n.js:2032:68    at new Promise (<anonymous>)    at Object.context (C:\\Users\\gabriele\\Documents\\GitHub\\PRIMO_POS\\node_modules\\.pnpm\\esbuild@0.21.5\\node_modules\\esbuild\\lib\\main.js:2032:27)    at Object.context (C:\\Users\\gabriele\\Documents\\GitHub\\PRIMO_POS\\node_modules\\.pnpm\\esbuild@0.21.5\\node_modules\\esbuild\\lib\\main.js:1874:58)    at prepareEsbuildScanner (file:///C:/Users/gabriele/Documents/GitHub/PRIMO_POS/node_modules/.pnpm/vite@5.4.21_@types+node@22.19.2/node_modules/vite/dist/node/chunks/dep-BK3b2jBa.js:49576:24)  The plugin \"vite:dep-scan\" was triggered by this import    script:C:/Users/gabriele/Documents/GitHub/PRIMO_POS/feature-modules/staff-module/src/views/StaffHubView.vue?id=0:201:7:      201  import '@pos-system/core-ui/src/components/LoadingSpinner.vue'                  ~~~~~~~~~~~~~~~~~~~~~~~~~~~~~~~~~~~~~~~~~~~~~~~~~~~~~~~X [ERROR] ENOENT: no such file or directory, open 'C:\\Users\\gabriele\\Documents\\GitHub\\PRIMO_POS\\packages\\core-ui\\src\\src\\components\\StatusBadge.vue' [plugin vite:dep-scan]    ../../node_modules/.pnpm/esbuild@0.21.5/node_modules/esbuild/lib/main.js:1275:21:      1275          let result = await callback({                                 ^"
"n.js:2032:68    at new Promise (<anonymous>)    at Object.context (C:\\Users\\gabriele\\Documents\\GitHub\\PRIMO_POS\\node_modules\\.pnpm\\esbuild@0.21.5\\node_modules\\esbuild\\lib\\main.js:2032:27)    at Object.context (C:\\Users\\gabriele\\Documents\\GitHub\\PRIMO_POS\\node_modules\\.pnpm\\esbuild@0.21.5\\node_modules\\esbuild\\lib\\main.js:1874:58)    at prepareEsbuildScanner (file:///C:/Users/gabriele/Documents/GitHub/PRIMO_POS/node_modules/.pnpm/vite@5.4.21_@types+node@22.19.2/node_modules/vite/dist/node/chunks/dep-BK3b2jBa.js:49576:24)  The plugin \"vite:dep-scan\" was triggered by this import    script:C:/Users/gabriele/Documents/GitHub/PRIMO_POS/feature-modules/staff-module/src/views/StaffHubView.vue?id=0:201:7:      201  import '@pos-system/core-ui/src/components/LoadingSpinner.vue'                  ~~~~~~~~~~~~~~~~~~~~~~~~~~~~~~~~~~~~~~~~~~~~~~~~~~~~~~~X [ERROR] ENOENT: no such file or directory, open 'C:\\Users\\gabriele\\Documents\\GitHub\\PRIMO_POS\\packages\\core-ui\\src\\src\\components\\StatusBadge.vue' [plugin vite:dep-scan]    ../../node_modules/.pnpm/esbuild@0.21.5/node_modules/esbuild/lib/main.js:1275:21:      1275          let result = await callback({                                 ^    at async open (node:internal/fs/promises:641:25)"
"n.js:2032:68    at new Promise (<anonymous>)    at Object.context (C:\\Users\\gabriele\\Documents\\GitHub\\PRIMO_POS\\node_modules\\.pnpm\\esbuild@0.21.5\\node_modules\\esbuild\\lib\\main.js:2032:27)    at Object.context (C:\\Users\\gabriele\\Documents\\GitHub\\PRIMO_POS\\node_modules\\.pnpm\\esbuild@0.21.5\\node_modules\\esbuild\\lib\\main.js:1874:58)    at prepareEsbuildScanner (file:///C:/Users/gabriele/Documents/GitHub/PRIMO_POS/node_modules/.pnpm/vite@5.4.21_@types+node@22.19.2/node_modules/vite/dist/node/chunks/dep-BK3b2jBa.js:49576:24)  The plugin \"vite:dep-scan\" was triggered by this import    script:C:/Users/gabriele/Documents/GitHub/PRIMO_POS/feature-modules/staff-module/src/views/StaffHubView.vue?id=0:201:7:      201  import '@pos-system/core-ui/src/components/LoadingSpinner.vue'                  ~~~~~~~~~~~~~~~~~~~~~~~~~~~~~~~~~~~~~~~~~~~~~~~~~~~~~~~X [ERROR] ENOENT: no such file or directory, open 'C:\\Users\\gabriele\\Documents\\GitHub\\PRIMO_POS\\packages\\core-ui\\src\\src\\components\\StatusBadge.vue' [plugin vite:dep-scan]    ../../node_modules/.pnpm/esbuild@0.21.5/node_modules/esbuild/lib/main.js:1275:21:      1275          let result = await callback({                                 ^    at async open (node:internal/fs/promises:641:25)    at async Object.readFile (node:internal/fs/promises:1279:14)"
"n.js:2032:68    at new Promise (<anonymous>)    at Object.context (C:\\Users\\gabriele\\Documents\\GitHub\\PRIMO_POS\\node_modules\\.pnpm\\esbuild@0.21.5\\node_modules\\esbuild\\lib\\main.js:2032:27)    at Object.context (C:\\Users\\gabriele\\Documents\\GitHub\\PRIMO_POS\\node_modules\\.pnpm\\esbuild@0.21.5\\node_modules\\esbuild\\lib\\main.js:1874:58)    at prepareEsbuildScanner (file:///C:/Users/gabriele/Documents/GitHub/PRIMO_POS/node_modules/.pnpm/vite@5.4.21_@types+node@22.19.2/node_modules/vite/dist/node/chunks/dep-BK3b2jBa.js:49576:24)  The plugin \"vite:dep-scan\" was triggered by this import    script:C:/Users/gabriele/Documents/GitHub/PRIMO_POS/feature-modules/staff-module/src/views/StaffHubView.vue?id=0:201:7:      201  import '@pos-system/core-ui/src/components/LoadingSpinner.vue'                  ~~~~~~~~~~~~~~~~~~~~~~~~~~~~~~~~~~~~~~~~~~~~~~~~~~~~~~~X [ERROR] ENOENT: no such file or directory, open 'C:\\Users\\gabriele\\Documents\\GitHub\\PRIMO_POS\\packages\\core-ui\\src\\src\\components\\StatusBadge.vue' [plugin vite:dep-scan]    ../../node_modules/.pnpm/esbuild@0.21.5/node_modules/esbuild/lib/main.js:1275:21:      1275          let result = await callback({                                 ^    at async open (node:internal/fs/promises:641:25)    at async Object.readFile (node:internal/fs/promises:1279:14)    at async htmlTypeOnLoadCallback (file:///C:/Users/gabriele/Documents/GitHub/PRIMO_POS/node_modules/.pnpm/vite@5.4.21_@types+node@22.19.2/node_modules/vite/dist/node/chunks/dep-BK3b2jBa.js:49701:19)"
"n.js:2032:68    at new Promise (<anonymous>)    at Object.context (C:\\Users\\gabriele\\Documents\\GitHub\\PRIMO_POS\\node_modules\\.pnpm\\esbuild@0.21.5\\node_modules\\esbuild\\lib\\main.js:2032:27)    at Object.context (C:\\Users\\gabriele\\Documents\\GitHub\\PRIMO_POS\\node_modules\\.pnpm\\esbuild@0.21.5\\node_modules\\esbuild\\lib\\main.js:1874:58)    at prepareEsbuildScanner (file:///C:/Users/gabriele/Documents/GitHub/PRIMO_POS/node_modules/.pnpm/vite@5.4.21_@types+node@22.19.2/node_modules/vite/dist/node/chunks/dep-BK3b2jBa.js:49576:24)  The plugin \"vite:dep-scan\" was triggered by this import    script:C:/Users/gabriele/Documents/GitHub/PRIMO_POS/feature-modules/staff-module/src/views/StaffHubView.vue?id=0:201:7:      201  import '@pos-system/core-ui/src/components/LoadingSpinner.vue'                  ~~~~~~~~~~~~~~~~~~~~~~~~~~~~~~~~~~~~~~~~~~~~~~~~~~~~~~~X [ERROR] ENOENT: no such file or directory, open 'C:\\Users\\gabriele\\Documents\\GitHub\\PRIMO_POS\\packages\\core-ui\\src\\src\\components\\StatusBadge.vue' [plugin vite:dep-scan]    ../../node_modules/.pnpm/esbuild@0.21.5/node_modules/esbuild/lib/main.js:1275:21:      1275          let result = await callback({                                 ^    at async open (node:internal/fs/promises:641:25)    at async Object.readFile (node:internal/fs/promises:1279:14)    at async htmlTypeOnLoadCallback (file:///C:/Users/gabriele/Documents/GitHub/PRIMO_POS/node_modules/.pnpm/vite@5.4.21_@types+node@22.19.2/node_modules/vite/dist/node/chunks/dep-BK3b2jBa.js:49701:19)    at async requestCallbacks.on-load (C:\\Users\\gabriele\\Documents\\GitHub\\PRIMO_POS\\node_modules\\.pnpm\\esbuild@0.21.5\\node_modules\\esbuild\\lib\\main.js:1275:22)"
"n.js:2032:68    at new Promise (<anonymous>)    at Object.context (C:\\Users\\gabriele\\Documents\\GitHub\\PRIMO_POS\\node_modules\\.pnpm\\esbuild@0.21.5\\node_modules\\esbuild\\lib\\main.js:2032:27)    at Object.context (C:\\Users\\gabriele\\Documents\\GitHub\\PRIMO_POS\\node_modules\\.pnpm\\esbuild@0.21.5\\node_modules\\esbuild\\lib\\main.js:1874:58)    at prepareEsbuildScanner (file:///C:/Users/gabriele/Documents/GitHub/PRIMO_POS/node_modules/.pnpm/vite@5.4.21_@types+node@22.19.2/node_modules/vite/dist/node/chunks/dep-BK3b2jBa.js:49576:24)  The plugin \"vite:dep-scan\" was triggered by this import    script:C:/Users/gabriele/Documents/GitHub/PRIMO_POS/feature-modules/staff-module/src/views/StaffHubView.vue?id=0:201:7:      201  import '@pos-system/core-ui/src/components/LoadingSpinner.vue'                  ~~~~~~~~~~~~~~~~~~~~~~~~~~~~~~~~~~~~~~~~~~~~~~~~~~~~~~~X [ERROR] ENOENT: no such file or directory, open 'C:\\Users\\gabriele\\Documents\\GitHub\\PRIMO_POS\\packages\\core-ui\\src\\src\\components\\StatusBadge.vue' [plugin vite:dep-scan]    ../../node_modules/.pnpm/esbuild@0.21.5/node_modules/esbuild/lib/main.js:1275:21:      1275          let result = await callback({                                 ^    at async open (node:internal/fs/promises:641:25)    at async Object.readFile (node:internal/fs/promises:1279:14)    at async htmlTypeOnLoadCallback (file:///C:/Users/gabriele/Documents/GitHub/PRIMO_POS/node_modules/.pnpm/vite@5.4.21_@types+node@22.19.2/node_modules/vite/dist/node/chunks/dep-BK3b2jBa.js:49701:19)    at async requestCallbacks.on-load (C:\\Users\\gabriele\\Documents\\GitHub\\PRIMO_POS\\node_modules\\.pnpm\\esbuild@0.21.5\\node_modules\\esbuild\\lib\\main.js:1275:22)    at async handleRequest (C:\\Users\\gabriele\\Documents\\GitHub\\PRIMO_POS\\node_modules\\.pnpm\\esbuild@0.21.5\\node_modules\\esbuild\\lib\\main.js:647:11)"
"n.js:2032:68    at new Promise (<anonymous>)    at Object.context (C:\\Users\\gabriele\\Documents\\GitHub\\PRIMO_POS\\node_modules\\.pnpm\\esbuild@0.21.5\\node_modules\\esbuild\\lib\\main.js:2032:27)    at Object.context (C:\\Users\\gabriele\\Documents\\GitHub\\PRIMO_POS\\node_modules\\.pnpm\\esbuild@0.21.5\\node_modules\\esbuild\\lib\\main.js:1874:58)    at prepareEsbuildScanner (file:///C:/Users/gabriele/Documents/GitHub/PRIMO_POS/node_modules/.pnpm/vite@5.4.21_@types+node@22.19.2/node_modules/vite/dist/node/chunks/dep-BK3b2jBa.js:49576:24)  The plugin \"vite:dep-scan\" was triggered by this import    script:C:/Users/gabriele/Documents/GitHub/PRIMO_POS/feature-modules/staff-module/src/views/StaffHubView.vue?id=0:201:7:      201  import '@pos-system/core-ui/src/components/LoadingSpinner.vue'                  ~~~~~~~~~~~~~~~~~~~~~~~~~~~~~~~~~~~~~~~~~~~~~~~~~~~~~~~X [ERROR] ENOENT: no such file or directory, open 'C:\\Users\\gabriele\\Documents\\GitHub\\PRIMO_POS\\packages\\core-ui\\src\\src\\components\\StatusBadge.vue' [plugin vite:dep-scan]    ../../node_modules/.pnpm/esbuild@0.21.5/node_modules/esbuild/lib/main.js:1275:21:      1275          let result = await callback({                                 ^    at async open (node:internal/fs/promises:641:25)    at async Object.readFile (node:internal/fs/promises:1279:14)    at async htmlTypeOnLoadCallback (file:///C:/Users/gabriele/Documents/GitHub/PRIMO_POS/node_modules/.pnpm/vite@5.4.21_@types+node@22.19.2/node_modules/vite/dist/node/chunks/dep-BK3b2jBa.js:49701:19)    at async requestCallbacks.on-load (C:\\Users\\gabriele\\Documents\\GitHub\\PRIMO_POS\\node_modules\\.pnpm\\esbuild@0.21.5\\node_modules\\esbuild\\lib\\main.js:1275:22)    at async handleRequest (C:\\Users\\gabriele\\Documents\\GitHub\\PRIMO_POS\\node_modules\\.pnpm\\esbuild@0.21.5\\node_modules\\esbuild\\lib\\main.js:647:11)  This error came from the \"onLoad\" callback registered here:"
"n.js:2032:68    at new Promise (<anonymous>)    at Object.context (C:\\Users\\gabriele\\Documents\\GitHub\\PRIMO_POS\\node_modules\\.pnpm\\esbuild@0.21.5\\node_modules\\esbuild\\lib\\main.js:2032:27)    at Object.context (C:\\Users\\gabriele\\Documents\\GitHub\\PRIMO_POS\\node_modules\\.pnpm\\esbuild@0.21.5\\node_modules\\esbuild\\lib\\main.js:1874:58)    at prepareEsbuildScanner (file:///C:/Users/gabriele/Documents/GitHub/PRIMO_POS/node_modules/.pnpm/vite@5.4.21_@types+node@22.19.2/node_modules/vite/dist/node/chunks/dep-BK3b2jBa.js:49576:24)  The plugin \"vite:dep-scan\" was triggered by this import    script:C:/Users/gabriele/Documents/GitHub/PRIMO_POS/feature-modules/staff-module/src/views/StaffHubView.vue?id=0:201:7:      201  import '@pos-system/core-ui/src/components/LoadingSpinner.vue'                  ~~~~~~~~~~~~~~~~~~~~~~~~~~~~~~~~~~~~~~~~~~~~~~~~~~~~~~~X [ERROR] ENOENT: no such file or directory, open 'C:\\Users\\gabriele\\Documents\\GitHub\\PRIMO_POS\\packages\\core-ui\\src\\src\\components\\StatusBadge.vue' [plugin vite:dep-scan]    ../../node_modules/.pnpm/esbuild@0.21.5/node_modules/esbuild/lib/main.js:1275:21:      1275          let result = await callback({                                 ^    at async open (node:internal/fs/promises:641:25)    at async Object.readFile (node:internal/fs/promises:1279:14)    at async htmlTypeOnLoadCallback (file:///C:/Users/gabriele/Documents/GitHub/PRIMO_POS/node_modules/.pnpm/vite@5.4.21_@types+node@22.19.2/node_modules/vite/dist/node/chunks/dep-BK3b2jBa.js:49701:19)    at async requestCallbacks.on-load (C:\\Users\\gabriele\\Documents\\GitHub\\PRIMO_POS\\node_modules\\.pnpm\\esbuild@0.21.5\\node_modules\\esbuild\\lib\\main.js:1275:22)    at async handleRequest (C:\\Users\\gabriele\\Documents\\GitHub\\PRIMO_POS\\node_modules\\.pnpm\\esbuild@0.21.5\\node_modules\\esbuild\\lib\\main.js:647:11)  This error came from the \"onLoad\" callback registered here:    ../../node_modules/.pnpm/esbuild@0.21.5/node_modules/esbuild/lib/main.js:1150:20:"
"n.js:2032:68    at new Promise (<anonymous>)    at Object.context (C:\\Users\\gabriele\\Documents\\GitHub\\PRIMO_POS\\node_modules\\.pnpm\\esbuild@0.21.5\\node_modules\\esbuild\\lib\\main.js:2032:27)    at Object.context (C:\\Users\\gabriele\\Documents\\GitHub\\PRIMO_POS\\node_modules\\.pnpm\\esbuild@0.21.5\\node_modules\\esbuild\\lib\\main.js:1874:58)    at prepareEsbuildScanner (file:///C:/Users/gabriele/Documents/GitHub/PRIMO_POS/node_modules/.pnpm/vite@5.4.21_@types+node@22.19.2/node_modules/vite/dist/node/chunks/dep-BK3b2jBa.js:49576:24)  The plugin \"vite:dep-scan\" was triggered by this import    script:C:/Users/gabriele/Documents/GitHub/PRIMO_POS/feature-modules/staff-module/src/views/StaffHubView.vue?id=0:201:7:      201  import '@pos-system/core-ui/src/components/LoadingSpinner.vue'                  ~~~~~~~~~~~~~~~~~~~~~~~~~~~~~~~~~~~~~~~~~~~~~~~~~~~~~~~X [ERROR] ENOENT: no such file or directory, open 'C:\\Users\\gabriele\\Documents\\GitHub\\PRIMO_POS\\packages\\core-ui\\src\\src\\components\\StatusBadge.vue' [plugin vite:dep-scan]    ../../node_modules/.pnpm/esbuild@0.21.5/node_modules/esbuild/lib/main.js:1275:21:      1275          let result = await callback({                                 ^    at async open (node:internal/fs/promises:641:25)    at async Object.readFile (node:internal/fs/promises:1279:14)    at async htmlTypeOnLoadCallback (file:///C:/Users/gabriele/Documents/GitHub/PRIMO_POS/node_modules/.pnpm/vite@5.4.21_@types+node@22.19.2/node_modules/vite/dist/node/chunks/dep-BK3b2jBa.js:49701:19)    at async requestCallbacks.on-load (C:\\Users\\gabriele\\Documents\\GitHub\\PRIMO_POS\\node_modules\\.pnpm\\esbuild@0.21.5\\node_modules\\esbuild\\lib\\main.js:1275:22)    at async handleRequest (C:\\Users\\gabriele\\Documents\\GitHub\\PRIMO_POS\\node_modules\\.pnpm\\esbuild@0.21.5\\node_modules\\esbuild\\lib\\main.js:647:11)  This error came from the \"onLoad\" callback registered here:    ../../node_modules/.pnpm/esbuild@0.21.5/node_modules/esbuild/lib/main.js:1150:20:      1150        let promise = setup({"
"n.js:2032:68    at new Promise (<anonymous>)    at Object.context (C:\\Users\\gabriele\\Documents\\GitHub\\PRIMO_POS\\node_modules\\.pnpm\\esbuild@0.21.5\\node_modules\\esbuild\\lib\\main.js:2032:27)    at Object.context (C:\\Users\\gabriele\\Documents\\GitHub\\PRIMO_POS\\node_modules\\.pnpm\\esbuild@0.21.5\\node_modules\\esbuild\\lib\\main.js:1874:58)    at prepareEsbuildScanner (file:///C:/Users/gabriele/Documents/GitHub/PRIMO_POS/node_modules/.pnpm/vite@5.4.21_@types+node@22.19.2/node_modules/vite/dist/node/chunks/dep-BK3b2jBa.js:49576:24)  The plugin \"vite:dep-scan\" was triggered by this import    script:C:/Users/gabriele/Documents/GitHub/PRIMO_POS/feature-modules/staff-module/src/views/StaffHubView.vue?id=0:201:7:      201  import '@pos-system/core-ui/src/components/LoadingSpinner.vue'                  ~~~~~~~~~~~~~~~~~~~~~~~~~~~~~~~~~~~~~~~~~~~~~~~~~~~~~~~X [ERROR] ENOENT: no such file or directory, open 'C:\\Users\\gabriele\\Documents\\GitHub\\PRIMO_POS\\packages\\core-ui\\src\\src\\components\\StatusBadge.vue' [plugin vite:dep-scan]    ../../node_modules/.pnpm/esbuild@0.21.5/node_modules/esbuild/lib/main.js:1275:21:      1275          let result = await callback({                                 ^    at async open (node:internal/fs/promises:641:25)    at async Object.readFile (node:internal/fs/promises:1279:14)    at async htmlTypeOnLoadCallback (file:///C:/Users/gabriele/Documents/GitHub/PRIMO_POS/node_modules/.pnpm/vite@5.4.21_@types+node@22.19.2/node_modules/vite/dist/node/chunks/dep-BK3b2jBa.js:49701:19)    at async requestCallbacks.on-load (C:\\Users\\gabriele\\Documents\\GitHub\\PRIMO_POS\\node_modules\\.pnpm\\esbuild@0.21.5\\node_modules\\esbuild\\lib\\main.js:1275:22)    at async handleRequest (C:\\Users\\gabriele\\Documents\\GitHub\\PRIMO_POS\\node_modules\\.pnpm\\esbuild@0.21.5\\node_modules\\esbuild\\lib\\main.js:647:11)  This error came from the \"onLoad\" callback registered here:    ../../node_modules/.pnpm/esbuild@0.21.5/node_modules/esbuild/lib/main.js:1150:20:      1150        let promise = setup({                                ^"
"n.js:2032:68    at new Promise (<anonymous>)    at Object.context (C:\\Users\\gabriele\\Documents\\GitHub\\PRIMO_POS\\node_modules\\.pnpm\\esbuild@0.21.5\\node_modules\\esbuild\\lib\\main.js:2032:27)    at Object.context (C:\\Users\\gabriele\\Documents\\GitHub\\PRIMO_POS\\node_modules\\.pnpm\\esbuild@0.21.5\\node_modules\\esbuild\\lib\\main.js:1874:58)    at prepareEsbuildScanner (file:///C:/Users/gabriele/Documents/GitHub/PRIMO_POS/node_modules/.pnpm/vite@5.4.21_@types+node@22.19.2/node_modules/vite/dist/node/chunks/dep-BK3b2jBa.js:49576:24)  The plugin \"vite:dep-scan\" was triggered by this import    script:C:/Users/gabriele/Documents/GitHub/PRIMO_POS/feature-modules/staff-module/src/views/StaffHubView.vue?id=0:201:7:      201  import '@pos-system/core-ui/src/components/LoadingSpinner.vue'                  ~~~~~~~~~~~~~~~~~~~~~~~~~~~~~~~~~~~~~~~~~~~~~~~~~~~~~~~X [ERROR] ENOENT: no such file or directory, open 'C:\\Users\\gabriele\\Documents\\GitHub\\PRIMO_POS\\packages\\core-ui\\src\\src\\components\\StatusBadge.vue' [plugin vite:dep-scan]    ../../node_modules/.pnpm/esbuild@0.21.5/node_modules/esbuild/lib/main.js:1275:21:      1275          let result = await callback({                                 ^    at async open (node:internal/fs/promises:641:25)    at async Object.readFile (node:internal/fs/promises:1279:14)    at async htmlTypeOnLoadCallback (file:///C:/Users/gabriele/Documents/GitHub/PRIMO_POS/node_modules/.pnpm/vite@5.4.21_@types+node@22.19.2/node_modules/vite/dist/node/chunks/dep-BK3b2jBa.js:49701:19)    at async requestCallbacks.on-load (C:\\Users\\gabriele\\Documents\\GitHub\\PRIMO_POS\\node_modules\\.pnpm\\esbuild@0.21.5\\node_modules\\esbuild\\lib\\main.js:1275:22)    at async handleRequest (C:\\Users\\gabriele\\Documents\\GitHub\\PRIMO_POS\\node_modules\\.pnpm\\esbuild@0.21.5\\node_modules\\esbuild\\lib\\main.js:647:11)  This error came from the \"onLoad\" callback registered here:    ../../node_modules/.pnpm/esbuild@0.21.5/node_modules/esbuild/lib/main.js:1150:20:      1150        let promise = setup({                                ^    at setup (file:///C:/Users/gabriele/Documents/GitHub/PRIMO_POS/node_modules/.pnpm/vite@5.4.21_@types+node@22.19.2/node_modules/vite/dist/node/chunks/dep-BK3b2jBa.js:49781:13)"
"n.js:2032:68    at new Promise (<anonymous>)    at Object.context (C:\\Users\\gabriele\\Documents\\GitHub\\PRIMO_POS\\node_modules\\.pnpm\\esbuild@0.21.5\\node_modules\\esbuild\\lib\\main.js:2032:27)    at Object.context (C:\\Users\\gabriele\\Documents\\GitHub\\PRIMO_POS\\node_modules\\.pnpm\\esbuild@0.21.5\\node_modules\\esbuild\\lib\\main.js:1874:58)    at prepareEsbuildScanner (file:///C:/Users/gabriele/Documents/GitHub/PRIMO_POS/node_modules/.pnpm/vite@5.4.21_@types+node@22.19.2/node_modules/vite/dist/node/chunks/dep-BK3b2jBa.js:49576:24)  The plugin \"vite:dep-scan\" was triggered by this import    script:C:/Users/gabriele/Documents/GitHub/PRIMO_POS/feature-modules/staff-module/src/views/StaffHubView.vue?id=0:201:7:      201  import '@pos-system/core-ui/src/components/LoadingSpinner.vue'                  ~~~~~~~~~~~~~~~~~~~~~~~~~~~~~~~~~~~~~~~~~~~~~~~~~~~~~~~X [ERROR] ENOENT: no such file or directory, open 'C:\\Users\\gabriele\\Documents\\GitHub\\PRIMO_POS\\packages\\core-ui\\src\\src\\components\\StatusBadge.vue' [plugin vite:dep-scan]    ../../node_modules/.pnpm/esbuild@0.21.5/node_modules/esbuild/lib/main.js:1275:21:      1275          let result = await callback({                                 ^    at async open (node:internal/fs/promises:641:25)    at async Object.readFile (node:internal/fs/promises:1279:14)    at async htmlTypeOnLoadCallback (file:///C:/Users/gabriele/Documents/GitHub/PRIMO_POS/node_modules/.pnpm/vite@5.4.21_@types+node@22.19.2/node_modules/vite/dist/node/chunks/dep-BK3b2jBa.js:49701:19)    at async requestCallbacks.on-load (C:\\Users\\gabriele\\Documents\\GitHub\\PRIMO_POS\\node_modules\\.pnpm\\esbuild@0.21.5\\node_modules\\esbuild\\lib\\main.js:1275:22)    at async handleRequest (C:\\Users\\gabriele\\Documents\\GitHub\\PRIMO_POS\\node_modules\\.pnpm\\esbuild@0.21.5\\node_modules\\esbuild\\lib\\main.js:647:11)  This error came from the \"onLoad\" callback registered here:    ../../node_modules/.pnpm/esbuild@0.21.5/node_modules/esbuild/lib/main.js:1150:20:      1150        let promise = setup({                                ^    at setup (file:///C:/Users/gabriele/Documents/GitHub/PRIMO_POS/node_modules/.pnpm/vite@5.4.21_@types+node@22.19.2/node_modules/vite/dist/node/chunks/dep-BK3b2jBa.js:49781:13)    at handlePlugins (C:\\Users\\gabriele\\Documents\\GitHub\\PRIMO_POS\\node_modules\\.pnpm\\esbuild@0.21.5\\node_modules\\esbuild\\lib\\main.js:1150:21)"
"n.js:2032:68    at new Promise (<anonymous>)    at Object.context (C:\\Users\\gabriele\\Documents\\GitHub\\PRIMO_POS\\node_modules\\.pnpm\\esbuild@0.21.5\\node_modules\\esbuild\\lib\\main.js:2032:27)    at Object.context (C:\\Users\\gabriele\\Documents\\GitHub\\PRIMO_POS\\node_modules\\.pnpm\\esbuild@0.21.5\\node_modules\\esbuild\\lib\\main.js:1874:58)    at prepareEsbuildScanner (file:///C:/Users/gabriele/Documents/GitHub/PRIMO_POS/node_modules/.pnpm/vite@5.4.21_@types+node@22.19.2/node_modules/vite/dist/node/chunks/dep-BK3b2jBa.js:49576:24)  The plugin \"vite:dep-scan\" was triggered by this import    script:C:/Users/gabriele/Documents/GitHub/PRIMO_POS/feature-modules/staff-module/src/views/StaffHubView.vue?id=0:201:7:      201  import '@pos-system/core-ui/src/components/LoadingSpinner.vue'                  ~~~~~~~~~~~~~~~~~~~~~~~~~~~~~~~~~~~~~~~~~~~~~~~~~~~~~~~X [ERROR] ENOENT: no such file or directory, open 'C:\\Users\\gabriele\\Documents\\GitHub\\PRIMO_POS\\packages\\core-ui\\src\\src\\components\\StatusBadge.vue' [plugin vite:dep-scan]    ../../node_modules/.pnpm/esbuild@0.21.5/node_modules/esbuild/lib/main.js:1275:21:      1275          let result = await callback({                                 ^    at async open (node:internal/fs/promises:641:25)    at async Object.readFile (node:internal/fs/promises:1279:14)    at async htmlTypeOnLoadCallback (file:///C:/Users/gabriele/Documents/GitHub/PRIMO_POS/node_modules/.pnpm/vite@5.4.21_@types+node@22.19.2/node_modules/vite/dist/node/chunks/dep-BK3b2jBa.js:49701:19)    at async requestCallbacks.on-load (C:\\Users\\gabriele\\Documents\\GitHub\\PRIMO_POS\\node_modules\\.pnpm\\esbuild@0.21.5\\node_modules\\esbuild\\lib\\main.js:1275:22)    at async handleRequest (C:\\Users\\gabriele\\Documents\\GitHub\\PRIMO_POS\\node_modules\\.pnpm\\esbuild@0.21.5\\node_modules\\esbuild\\lib\\main.js:647:11)  This error came from the \"onLoad\" callback registered here:    ../../node_modules/.pnpm/esbuild@0.21.5/node_modules/esbuild/lib/main.js:1150:20:      1150        let promise = setup({                                ^    at setup (file:///C:/Users/gabriele/Documents/GitHub/PRIMO_POS/node_modules/.pnpm/vite@5.4.21_@types+node@22.19.2/node_modules/vite/dist/node/chunks/dep-BK3b2jBa.js:49781:13)    at handlePlugins (C:\\Users\\gabriele\\Documents\\GitHub\\PRIMO_POS\\node_modules\\.pnpm\\esbuild@0.21.5\\node_modules\\esbuild\\lib\\main.js:1150:21)    at buildOrContextImpl (C:\\Users\\gabriele\\Documents\\GitHub\\PRIMO_POS\\node_modules\\.pnpm\\esbuild@0.21.5\\node_modules\\esbuild\\lib\\main.js:873:5)"
"n.js:2032:68    at new Promise (<anonymous>)    at Object.context (C:\\Users\\gabriele\\Documents\\GitHub\\PRIMO_POS\\node_modules\\.pnpm\\esbuild@0.21.5\\node_modules\\esbuild\\lib\\main.js:2032:27)    at Object.context (C:\\Users\\gabriele\\Documents\\GitHub\\PRIMO_POS\\node_modules\\.pnpm\\esbuild@0.21.5\\node_modules\\esbuild\\lib\\main.js:1874:58)    at prepareEsbuildScanner (file:///C:/Users/gabriele/Documents/GitHub/PRIMO_POS/node_modules/.pnpm/vite@5.4.21_@types+node@22.19.2/node_modules/vite/dist/node/chunks/dep-BK3b2jBa.js:49576:24)  The plugin \"vite:dep-scan\" was triggered by this import    script:C:/Users/gabriele/Documents/GitHub/PRIMO_POS/feature-modules/staff-module/src/views/StaffHubView.vue?id=0:201:7:      201  import '@pos-system/core-ui/src/components/LoadingSpinner.vue'                  ~~~~~~~~~~~~~~~~~~~~~~~~~~~~~~~~~~~~~~~~~~~~~~~~~~~~~~~X [ERROR] ENOENT: no such file or directory, open 'C:\\Users\\gabriele\\Documents\\GitHub\\PRIMO_POS\\packages\\core-ui\\src\\src\\components\\StatusBadge.vue' [plugin vite:dep-scan]    ../../node_modules/.pnpm/esbuild@0.21.5/node_modules/esbuild/lib/main.js:1275:21:      1275          let result = await callback({                                 ^    at async open (node:internal/fs/promises:641:25)    at async Object.readFile (node:internal/fs/promises:1279:14)    at async htmlTypeOnLoadCallback (file:///C:/Users/gabriele/Documents/GitHub/PRIMO_POS/node_modules/.pnpm/vite@5.4.21_@types+node@22.19.2/node_modules/vite/dist/node/chunks/dep-BK3b2jBa.js:49701:19)    at async requestCallbacks.on-load (C:\\Users\\gabriele\\Documents\\GitHub\\PRIMO_POS\\node_modules\\.pnpm\\esbuild@0.21.5\\node_modules\\esbuild\\lib\\main.js:1275:22)    at async handleRequest (C:\\Users\\gabriele\\Documents\\GitHub\\PRIMO_POS\\node_modules\\.pnpm\\esbuild@0.21.5\\node_modules\\esbuild\\lib\\main.js:647:11)  This error came from the \"onLoad\" callback registered here:    ../../node_modules/.pnpm/esbuild@0.21.5/node_modules/esbuild/lib/main.js:1150:20:      1150        let promise = setup({                                ^    at setup (file:///C:/Users/gabriele/Documents/GitHub/PRIMO_POS/node_modules/.pnpm/vite@5.4.21_@types+node@22.19.2/node_modules/vite/dist/node/chunks/dep-BK3b2jBa.js:49781:13)    at handlePlugins (C:\\Users\\gabriele\\Documents\\GitHub\\PRIMO_POS\\node_modules\\.pnpm\\esbuild@0.21.5\\node_modules\\esbuild\\lib\\main.js:1150:21)    at buildOrContextImpl (C:\\Users\\gabriele\\Documents\\GitHub\\PRIMO_POS\\node_modules\\.pnpm\\esbuild@0.21.5\\node_modules\\esbuild\\lib\\main.js:873:5)    at Object.buildOrContext (C:\\Users\\gabriele\\Documents\\GitHub\\PRIMO_POS\\node_modules\\.pnpm\\esbuild@0.21.5\\node_modules\\esbuild\\lib\\main.js:699:5)"
"n.js:2032:68    at new Promise (<anonymous>)    at Object.context (C:\\Users\\gabriele\\Documents\\GitHub\\PRIMO_POS\\node_modules\\.pnpm\\esbuild@0.21.5\\node_modules\\esbuild\\lib\\main.js:2032:27)    at Object.context (C:\\Users\\gabriele\\Documents\\GitHub\\PRIMO_POS\\node_modules\\.pnpm\\esbuild@0.21.5\\node_modules\\esbuild\\lib\\main.js:1874:58)    at prepareEsbuildScanner (file:///C:/Users/gabriele/Documents/GitHub/PRIMO_POS/node_modules/.pnpm/vite@5.4.21_@types+node@22.19.2/node_modules/vite/dist/node/chunks/dep-BK3b2jBa.js:49576:24)  The plugin \"vite:dep-scan\" was triggered by this import    script:C:/Users/gabriele/Documents/GitHub/PRIMO_POS/feature-modules/staff-module/src/views/StaffHubView.vue?id=0:201:7:      201  import '@pos-system/core-ui/src/components/LoadingSpinner.vue'                  ~~~~~~~~~~~~~~~~~~~~~~~~~~~~~~~~~~~~~~~~~~~~~~~~~~~~~~~X [ERROR] ENOENT: no such file or directory, open 'C:\\Users\\gabriele\\Documents\\GitHub\\PRIMO_POS\\packages\\core-ui\\src\\src\\components\\StatusBadge.vue' [plugin vite:dep-scan]    ../../node_modules/.pnpm/esbuild@0.21.5/node_modules/esbuild/lib/main.js:1275:21:      1275          let result = await callback({                                 ^    at async open (node:internal/fs/promises:641:25)    at async Object.readFile (node:internal/fs/promises:1279:14)    at async htmlTypeOnLoadCallback (file:///C:/Users/gabriele/Documents/GitHub/PRIMO_POS/node_modules/.pnpm/vite@5.4.21_@types+node@22.19.2/node_modules/vite/dist/node/chunks/dep-BK3b2jBa.js:49701:19)    at async requestCallbacks.on-load (C:\\Users\\gabriele\\Documents\\GitHub\\PRIMO_POS\\node_modules\\.pnpm\\esbuild@0.21.5\\node_modules\\esbuild\\lib\\main.js:1275:22)    at async handleRequest (C:\\Users\\gabriele\\Documents\\GitHub\\PRIMO_POS\\node_modules\\.pnpm\\esbuild@0.21.5\\node_modules\\esbuild\\lib\\main.js:647:11)  This error came from the \"onLoad\" callback registered here:    ../../node_modules/.pnpm/esbuild@0.21.5/node_modules/esbuild/lib/main.js:1150:20:      1150        let promise = setup({                                ^    at setup (file:///C:/Users/gabriele/Documents/GitHub/PRIMO_POS/node_modules/.pnpm/vite@5.4.21_@types+node@22.19.2/node_modules/vite/dist/node/chunks/dep-BK3b2jBa.js:49781:13)    at handlePlugins (C:\\Users\\gabriele\\Documents\\GitHub\\PRIMO_POS\\node_modules\\.pnpm\\esbuild@0.21.5\\node_modules\\esbuild\\lib\\main.js:1150:21)    at buildOrContextImpl (C:\\Users\\gabriele\\Documents\\GitHub\\PRIMO_POS\\node_modules\\.pnpm\\esbuild@0.21.5\\node_modules\\esbuild\\lib\\main.js:873:5)    at Object.buildOrContext (C:\\Users\\gabriele\\Documents\\GitHub\\PRIMO_POS\\node_modules\\.pnpm\\esbuild@0.21.5\\node_modules\\esbuild\\lib\\main.js:699:5)    at C:\\Users\\gabriele\\Documents\\GitHub\\PRIMO_POS\\node_modules\\.pnpm\\esbuild@0.21.5\\node_modules\\esbuild\\lib\\main.js:2032:68"
"n.js:2032:68    at new Promise (<anonymous>)    at Object.context (C:\\Users\\gabriele\\Documents\\GitHub\\PRIMO_POS\\node_modules\\.pnpm\\esbuild@0.21.5\\node_modules\\esbuild\\lib\\main.js:2032:27)    at Object.context (C:\\Users\\gabriele\\Documents\\GitHub\\PRIMO_POS\\node_modules\\.pnpm\\esbuild@0.21.5\\node_modules\\esbuild\\lib\\main.js:1874:58)    at prepareEsbuildScanner (file:///C:/Users/gabriele/Documents/GitHub/PRIMO_POS/node_modules/.pnpm/vite@5.4.21_@types+node@22.19.2/node_modules/vite/dist/node/chunks/dep-BK3b2jBa.js:49576:24)  The plugin \"vite:dep-scan\" was triggered by this import    script:C:/Users/gabriele/Documents/GitHub/PRIMO_POS/feature-modules/staff-module/src/views/StaffHubView.vue?id=0:201:7:      201  import '@pos-system/core-ui/src/components/LoadingSpinner.vue'                  ~~~~~~~~~~~~~~~~~~~~~~~~~~~~~~~~~~~~~~~~~~~~~~~~~~~~~~~X [ERROR] ENOENT: no such file or directory, open 'C:\\Users\\gabriele\\Documents\\GitHub\\PRIMO_POS\\packages\\core-ui\\src\\src\\components\\StatusBadge.vue' [plugin vite:dep-scan]    ../../node_modules/.pnpm/esbuild@0.21.5/node_modules/esbuild/lib/main.js:1275:21:      1275          let result = await callback({                                 ^    at async open (node:internal/fs/promises:641:25)    at async Object.readFile (node:internal/fs/promises:1279:14)    at async htmlTypeOnLoadCallback (file:///C:/Users/gabriele/Documents/GitHub/PRIMO_POS/node_modules/.pnpm/vite@5.4.21_@types+node@22.19.2/node_modules/vite/dist/node/chunks/dep-BK3b2jBa.js:49701:19)    at async requestCallbacks.on-load (C:\\Users\\gabriele\\Documents\\GitHub\\PRIMO_POS\\node_modules\\.pnpm\\esbuild@0.21.5\\node_modules\\esbuild\\lib\\main.js:1275:22)    at async handleRequest (C:\\Users\\gabriele\\Documents\\GitHub\\PRIMO_POS\\node_modules\\.pnpm\\esbuild@0.21.5\\node_modules\\esbuild\\lib\\main.js:647:11)  This error came from the \"onLoad\" callback registered here:    ../../node_modules/.pnpm/esbuild@0.21.5/node_modules/esbuild/lib/main.js:1150:20:      1150        let promise = setup({                                ^    at setup (file:///C:/Users/gabriele/Documents/GitHub/PRIMO_POS/node_modules/.pnpm/vite@5.4.21_@types+node@22.19.2/node_modules/vite/dist/node/chunks/dep-BK3b2jBa.js:49781:13)    at handlePlugins (C:\\Users\\gabriele\\Documents\\GitHub\\PRIMO_POS\\node_modules\\.pnpm\\esbuild@0.21.5\\node_modules\\esbuild\\lib\\main.js:1150:21)    at buildOrContextImpl (C:\\Users\\gabriele\\Documents\\GitHub\\PRIMO_POS\\node_modules\\.pnpm\\esbuild@0.21.5\\node_modules\\esbuild\\lib\\main.js:873:5)    at Object.buildOrContext (C:\\Users\\gabriele\\Documents\\GitHub\\PRIMO_POS\\node_modules\\.pnpm\\esbuild@0.21.5\\node_modules\\esbuild\\lib\\main.js:699:5)    at C:\\Users\\gabriele\\Documents\\GitHub\\PRIMO_POS\\node_modules\\.pnpm\\esbuild@0.21.5\\node_modules\\esbuild\\lib\\main.js:2032:68    at new Promise (<anonymous>)"
"n.js:2032:68    at new Promise (<anonymous>)    at Object.context (C:\\Users\\gabriele\\Documents\\GitHub\\PRIMO_POS\\node_modules\\.pnpm\\esbuild@0.21.5\\node_modules\\esbuild\\lib\\main.js:2032:27)    at Object.context (C:\\Users\\gabriele\\Documents\\GitHub\\PRIMO_POS\\node_modules\\.pnpm\\esbuild@0.21.5\\node_modules\\esbuild\\lib\\main.js:1874:58)    at prepareEsbuildScanner (file:///C:/Users/gabriele/Documents/GitHub/PRIMO_POS/node_modules/.pnpm/vite@5.4.21_@types+node@22.19.2/node_modules/vite/dist/node/chunks/dep-BK3b2jBa.js:49576:24)  The plugin \"vite:dep-scan\" was triggered by this import    script:C:/Users/gabriele/Documents/GitHub/PRIMO_POS/feature-modules/staff-module/src/views/StaffHubView.vue?id=0:201:7:      201  import '@pos-system/core-ui/src/components/LoadingSpinner.vue'                  ~~~~~~~~~~~~~~~~~~~~~~~~~~~~~~~~~~~~~~~~~~~~~~~~~~~~~~~X [ERROR] ENOENT: no such file or directory, open 'C:\\Users\\gabriele\\Documents\\GitHub\\PRIMO_POS\\packages\\core-ui\\src\\src\\components\\StatusBadge.vue' [plugin vite:dep-scan]    ../../node_modules/.pnpm/esbuild@0.21.5/node_modules/esbuild/lib/main.js:1275:21:      1275          let result = await callback({                                 ^    at async open (node:internal/fs/promises:641:25)    at async Object.readFile (node:internal/fs/promises:1279:14)    at async htmlTypeOnLoadCallback (file:///C:/Users/gabriele/Documents/GitHub/PRIMO_POS/node_modules/.pnpm/vite@5.4.21_@types+node@22.19.2/node_modules/vite/dist/node/chunks/dep-BK3b2jBa.js:49701:19)    at async requestCallbacks.on-load (C:\\Users\\gabriele\\Documents\\GitHub\\PRIMO_POS\\node_modules\\.pnpm\\esbuild@0.21.5\\node_modules\\esbuild\\lib\\main.js:1275:22)    at async handleRequest (C:\\Users\\gabriele\\Documents\\GitHub\\PRIMO_POS\\node_modules\\.pnpm\\esbuild@0.21.5\\node_modules\\esbuild\\lib\\main.js:647:11)  This error came from the \"onLoad\" callback registered here:    ../../node_modules/.pnpm/esbuild@0.21.5/node_modules/esbuild/lib/main.js:1150:20:      1150        let promise = setup({                                ^    at setup (file:///C:/Users/gabriele/Documents/GitHub/PRIMO_POS/node_modules/.pnpm/vite@5.4.21_@types+node@22.19.2/node_modules/vite/dist/node/chunks/dep-BK3b2jBa.js:49781:13)    at handlePlugins (C:\\Users\\gabriele\\Documents\\GitHub\\PRIMO_POS\\node_modules\\.pnpm\\esbuild@0.21.5\\node_modules\\esbuild\\lib\\main.js:1150:21)    at buildOrContextImpl (C:\\Users\\gabriele\\Documents\\GitHub\\PRIMO_POS\\node_modules\\.pnpm\\esbuild@0.21.5\\node_modules\\esbuild\\lib\\main.js:873:5)    at Object.buildOrContext (C:\\Users\\gabriele\\Documents\\GitHub\\PRIMO_POS\\node_modules\\.pnpm\\esbuild@0.21.5\\node_modules\\esbuild\\lib\\main.js:699:5)    at C:\\Users\\gabriele\\Documents\\GitHub\\PRIMO_POS\\node_modules\\.pnpm\\esbuild@0.21.5\\node_modules\\esbuild\\lib\\main.js:2032:68    at new Promise (<anonymous>)    at Object.context (C:\\Users\\gabriele\\Documents\\GitHub\\PRIMO_POS\\node_modules\\.pnpm\\esbuild@0.21.5\\node_modules\\esbuild\\lib\\main.js:2032:27)"
"n.js:2032:68    at new Promise (<anonymous>)    at Object.context (C:\\Users\\gabriele\\Documents\\GitHub\\PRIMO_POS\\node_modules\\.pnpm\\esbuild@0.21.5\\node_modules\\esbuild\\lib\\main.js:2032:27)    at Object.context (C:\\Users\\gabriele\\Documents\\GitHub\\PRIMO_POS\\node_modules\\.pnpm\\esbuild@0.21.5\\node_modules\\esbuild\\lib\\main.js:1874:58)    at prepareEsbuildScanner (file:///C:/Users/gabriele/Documents/GitHub/PRIMO_POS/node_modules/.pnpm/vite@5.4.21_@types+node@22.19.2/node_modules/vite/dist/node/chunks/dep-BK3b2jBa.js:49576:24)  The plugin \"vite:dep-scan\" was triggered by this import    script:C:/Users/gabriele/Documents/GitHub/PRIMO_POS/feature-modules/staff-module/src/views/StaffHubView.vue?id=0:201:7:      201  import '@pos-system/core-ui/src/components/LoadingSpinner.vue'                  ~~~~~~~~~~~~~~~~~~~~~~~~~~~~~~~~~~~~~~~~~~~~~~~~~~~~~~~X [ERROR] ENOENT: no such file or directory, open 'C:\\Users\\gabriele\\Documents\\GitHub\\PRIMO_POS\\packages\\core-ui\\src\\src\\components\\StatusBadge.vue' [plugin vite:dep-scan]    ../../node_modules/.pnpm/esbuild@0.21.5/node_modules/esbuild/lib/main.js:1275:21:      1275          let result = await callback({                                 ^    at async open (node:internal/fs/promises:641:25)    at async Object.readFile (node:internal/fs/promises:1279:14)    at async htmlTypeOnLoadCallback (file:///C:/Users/gabriele/Documents/GitHub/PRIMO_POS/node_modules/.pnpm/vite@5.4.21_@types+node@22.19.2/node_modules/vite/dist/node/chunks/dep-BK3b2jBa.js:49701:19)    at async requestCallbacks.on-load (C:\\Users\\gabriele\\Documents\\GitHub\\PRIMO_POS\\node_modules\\.pnpm\\esbuild@0.21.5\\node_modules\\esbuild\\lib\\main.js:1275:22)    at async handleRequest (C:\\Users\\gabriele\\Documents\\GitHub\\PRIMO_POS\\node_modules\\.pnpm\\esbuild@0.21.5\\node_modules\\esbuild\\lib\\main.js:647:11)  This error came from the \"onLoad\" callback registered here:    ../../node_modules/.pnpm/esbuild@0.21.5/node_modules/esbuild/lib/main.js:1150:20:      1150        let promise = setup({                                ^    at setup (file:///C:/Users/gabriele/Documents/GitHub/PRIMO_POS/node_modules/.pnpm/vite@5.4.21_@types+node@22.19.2/node_modules/vite/dist/node/chunks/dep-BK3b2jBa.js:49781:13)    at handlePlugins (C:\\Users\\gabriele\\Documents\\GitHub\\PRIMO_POS\\node_modules\\.pnpm\\esbuild@0.21.5\\node_modules\\esbuild\\lib\\main.js:1150:21)    at buildOrContextImpl (C:\\Users\\gabriele\\Documents\\GitHub\\PRIMO_POS\\node_modules\\.pnpm\\esbuild@0.21.5\\node_modules\\esbuild\\lib\\main.js:873:5)    at Object.buildOrContext (C:\\Users\\gabriele\\Documents\\GitHub\\PRIMO_POS\\node_modules\\.pnpm\\esbuild@0.21.5\\node_modules\\esbuild\\lib\\main.js:699:5)    at C:\\Users\\gabriele\\Documents\\GitHub\\PRIMO_POS\\node_modules\\.pnpm\\esbuild@0.21.5\\node_modules\\esbuild\\lib\\main.js:2032:68    at new Promise (<anonymous>)    at Object.context (C:\\Users\\gabriele\\Documents\\GitHub\\PRIMO_POS\\node_modules\\.pnpm\\esbuild@0.21.5\\node_modules\\esbuild\\lib\\main.js:2032:27)    at Object.context (C:\\Users\\gabriele\\Documents\\GitHub\\PRIMO_POS\\node_modules\\.pnpm\\esbuild@0.21.5\\node_modules\\esbuild\\lib\\main.js:1874:58)"
"pnpm/vite@5.4.21_@types+node@22.19.2/node_modules/vite/dist/node/chunks/dep-BK3b2jBa.js:49576:24)"
"pnpm/vite@5.4.21_@types+node@22.19.2/node_modules/vite/dist/node/chunks/dep-BK3b2jBa.js:49576:24)  The plugin \"vite:dep-scan\" was triggered by this import"
"pnpm/vite@5.4.21_@types+node@22.19.2/node_modules/vite/dist/node/chunks/dep-BK3b2jBa.js:49576:24)  The plugin \"vite:dep-scan\" was triggered by this import    script:C:/Users/gabriele/Documents/GitHub/PRIMO_POS/feature-modules/staff-module/src/views/StaffHubView.vue?id=0:202:7:"
"pnpm/vite@5.4.21_@types+node@22.19.2/node_modules/vite/dist/node/chunks/dep-BK3b2jBa.js:49576:24)  The plugin \"vite:dep-scan\" was triggered by this import    script:C:/Users/gabriele/Documents/GitHub/PRIMO_POS/feature-modules/staff-module/src/views/StaffHubView.vue?id=0:202:7:      202  import '@pos-system/core-ui/src/components/StatusBadge.vue'"
"pnpm/vite@5.4.21_@types+node@22.19.2/node_modules/vite/dist/node/chunks/dep-BK3b2jBa.js:49576:24)  The plugin \"vite:dep-scan\" was triggered by this import    script:C:/Users/gabriele/Documents/GitHub/PRIMO_POS/feature-modules/staff-module/src/views/StaffHubView.vue?id=0:202:7:      202  import '@pos-system/core-ui/src/components/StatusBadge.vue'                  ~~~~~~~~~~~~~~~~~~~~~~~~~~~~~~~~~~~~~~~~~~~~~~~~~~~~"
"pnpm/vite@5.4.21_@types+node@22.19.2/node_modules/vite/dist/node/chunks/dep-BK3b2jBa.js:49576:24)  The plugin \"vite:dep-scan\" was triggered by this import    script:C:/Users/gabriele/Documents/GitHub/PRIMO_POS/feature-modules/staff-module/src/views/StaffHubView.vue?id=0:202:7:      202  import '@pos-system/core-ui/src/components/StatusBadge.vue'                  ~~~~~~~~~~~~~~~~~~~~~~~~~~~~~~~~~~~~~~~~~~~~~~~~~~~~X [ERROR] ENOENT: no such file or directory, open 'C:\\Users\\gabriele\\Documents\\GitHub\\PRIMO_POS\\packages\\core-ui\\src\\src\\components\\TabButton.vue' [plugin vite:dep-scan]"
"pnpm/vite@5.4.21_@types+node@22.19.2/node_modules/vite/dist/node/chunks/dep-BK3b2jBa.js:49576:24)  The plugin \"vite:dep-scan\" was triggered by this import    script:C:/Users/gabriele/Documents/GitHub/PRIMO_POS/feature-modules/staff-module/src/views/StaffHubView.vue?id=0:202:7:      202  import '@pos-system/core-ui/src/components/StatusBadge.vue'                  ~~~~~~~~~~~~~~~~~~~~~~~~~~~~~~~~~~~~~~~~~~~~~~~~~~~~X [ERROR] ENOENT: no such file or directory, open 'C:\\Users\\gabriele\\Documents\\GitHub\\PRIMO_POS\\packages\\core-ui\\src\\src\\components\\TabButton.vue' [plugin vite:dep-scan]    ../../node_modules/.pnpm/esbuild@0.21.5/node_modules/esbuild/lib/main.js:1275:21:"
"pnpm/vite@5.4.21_@types+node@22.19.2/node_modules/vite/dist/node/chunks/dep-BK3b2jBa.js:49576:24)  The plugin \"vite:dep-scan\" was triggered by this import    script:C:/Users/gabriele/Documents/GitHub/PRIMO_POS/feature-modules/staff-module/src/views/StaffHubView.vue?id=0:202:7:      202  import '@pos-system/core-ui/src/components/StatusBadge.vue'                  ~~~~~~~~~~~~~~~~~~~~~~~~~~~~~~~~~~~~~~~~~~~~~~~~~~~~X [ERROR] ENOENT: no such file or directory, open 'C:\\Users\\gabriele\\Documents\\GitHub\\PRIMO_POS\\packages\\core-ui\\src\\src\\components\\TabButton.vue' [plugin vite:dep-scan]    ../../node_modules/.pnpm/esbuild@0.21.5/node_modules/esbuild/lib/main.js:1275:21:      1275          let result = await callback({"
"pnpm/vite@5.4.21_@types+node@22.19.2/node_modules/vite/dist/node/chunks/dep-BK3b2jBa.js:49576:24)  The plugin \"vite:dep-scan\" was triggered by this import    script:C:/Users/gabriele/Documents/GitHub/PRIMO_POS/feature-modules/staff-module/src/views/StaffHubView.vue?id=0:202:7:      202  import '@pos-system/core-ui/src/components/StatusBadge.vue'                  ~~~~~~~~~~~~~~~~~~~~~~~~~~~~~~~~~~~~~~~~~~~~~~~~~~~~X [ERROR] ENOENT: no such file or directory, open 'C:\\Users\\gabriele\\Documents\\GitHub\\PRIMO_POS\\packages\\core-ui\\src\\src\\components\\TabButton.vue' [plugin vite:dep-scan]    ../../node_modules/.pnpm/esbuild@0.21.5/node_modules/esbuild/lib/main.js:1275:21:      1275          let result = await callback({                                 ^"
"pnpm/vite@5.4.21_@types+node@22.19.2/node_modules/vite/dist/node/chunks/dep-BK3b2jBa.js:49576:24)  The plugin \"vite:dep-scan\" was triggered by this import    script:C:/Users/gabriele/Documents/GitHub/PRIMO_POS/feature-modules/staff-module/src/views/StaffHubView.vue?id=0:202:7:      202  import '@pos-system/core-ui/src/components/StatusBadge.vue'                  ~~~~~~~~~~~~~~~~~~~~~~~~~~~~~~~~~~~~~~~~~~~~~~~~~~~~X [ERROR] ENOENT: no such file or directory, open 'C:\\Users\\gabriele\\Documents\\GitHub\\PRIMO_POS\\packages\\core-ui\\src\\src\\components\\TabButton.vue' [plugin vite:dep-scan]    ../../node_modules/.pnpm/esbuild@0.21.5/node_modules/esbuild/lib/main.js:1275:21:      1275          let result = await callback({                                 ^    at async open (node:internal/fs/promises:641:25)"
"pnpm/vite@5.4.21_@types+node@22.19.2/node_modules/vite/dist/node/chunks/dep-BK3b2jBa.js:49576:24)  The plugin \"vite:dep-scan\" was triggered by this import    script:C:/Users/gabriele/Documents/GitHub/PRIMO_POS/feature-modules/staff-module/src/views/StaffHubView.vue?id=0:202:7:      202  import '@pos-system/core-ui/src/components/StatusBadge.vue'                  ~~~~~~~~~~~~~~~~~~~~~~~~~~~~~~~~~~~~~~~~~~~~~~~~~~~~X [ERROR] ENOENT: no such file or directory, open 'C:\\Users\\gabriele\\Documents\\GitHub\\PRIMO_POS\\packages\\core-ui\\src\\src\\components\\TabButton.vue' [plugin vite:dep-scan]    ../../node_modules/.pnpm/esbuild@0.21.5/node_modules/esbuild/lib/main.js:1275:21:      1275          let result = await callback({                                 ^    at async open (node:internal/fs/promises:641:25)    at async Object.readFile (node:internal/fs/promises:1279:14)"
"pnpm/vite@5.4.21_@types+node@22.19.2/node_modules/vite/dist/node/chunks/dep-BK3b2jBa.js:49576:24)  The plugin \"vite:dep-scan\" was triggered by this import    script:C:/Users/gabriele/Documents/GitHub/PRIMO_POS/feature-modules/staff-module/src/views/StaffHubView.vue?id=0:202:7:      202  import '@pos-system/core-ui/src/components/StatusBadge.vue'                  ~~~~~~~~~~~~~~~~~~~~~~~~~~~~~~~~~~~~~~~~~~~~~~~~~~~~X [ERROR] ENOENT: no such file or directory, open 'C:\\Users\\gabriele\\Documents\\GitHub\\PRIMO_POS\\packages\\core-ui\\src\\src\\components\\TabButton.vue' [plugin vite:dep-scan]    ../../node_modules/.pnpm/esbuild@0.21.5/node_modules/esbuild/lib/main.js:1275:21:      1275          let result = await callback({                                 ^    at async open (node:internal/fs/promises:641:25)    at async Object.readFile (node:internal/fs/promises:1279:14)    at async htmlTypeOnLoadCallback (file:///C:/Users/gabriele/Documents/GitHub/PRIMO_POS/node_modules/.pnpm/vite@5.4.21_@types+node@22.19.2/node_modules/vite/dist/node/chunks/dep-BK3b2jBa.js:49701:19)"
"pnpm/vite@5.4.21_@types+node@22.19.2/node_modules/vite/dist/node/chunks/dep-BK3b2jBa.js:49576:24)  The plugin \"vite:dep-scan\" was triggered by this import    script:C:/Users/gabriele/Documents/GitHub/PRIMO_POS/feature-modules/staff-module/src/views/StaffHubView.vue?id=0:202:7:      202  import '@pos-system/core-ui/src/components/StatusBadge.vue'                  ~~~~~~~~~~~~~~~~~~~~~~~~~~~~~~~~~~~~~~~~~~~~~~~~~~~~X [ERROR] ENOENT: no such file or directory, open 'C:\\Users\\gabriele\\Documents\\GitHub\\PRIMO_POS\\packages\\core-ui\\src\\src\\components\\TabButton.vue' [plugin vite:dep-scan]    ../../node_modules/.pnpm/esbuild@0.21.5/node_modules/esbuild/lib/main.js:1275:21:      1275          let result = await callback({                                 ^    at async open (node:internal/fs/promises:641:25)    at async Object.readFile (node:internal/fs/promises:1279:14)    at async htmlTypeOnLoadCallback (file:///C:/Users/gabriele/Documents/GitHub/PRIMO_POS/node_modules/.pnpm/vite@5.4.21_@types+node@22.19.2/node_modules/vite/dist/node/chunks/dep-BK3b2jBa.js:49701:19)    at async requestCallbacks.on-load (C:\\Users\\gabriele\\Documents\\GitHub\\PRIMO_POS\\node_modules\\.pnpm\\esbuild@0.21.5\\node_modules\\esbuild\\lib\\main.js:1275:22)"
"pnpm/vite@5.4.21_@types+node@22.19.2/node_modules/vite/dist/node/chunks/dep-BK3b2jBa.js:49576:24)  The plugin \"vite:dep-scan\" was triggered by this import    script:C:/Users/gabriele/Documents/GitHub/PRIMO_POS/feature-modules/staff-module/src/views/StaffHubView.vue?id=0:202:7:      202  import '@pos-system/core-ui/src/components/StatusBadge.vue'                  ~~~~~~~~~~~~~~~~~~~~~~~~~~~~~~~~~~~~~~~~~~~~~~~~~~~~X [ERROR] ENOENT: no such file or directory, open 'C:\\Users\\gabriele\\Documents\\GitHub\\PRIMO_POS\\packages\\core-ui\\src\\src\\components\\TabButton.vue' [plugin vite:dep-scan]    ../../node_modules/.pnpm/esbuild@0.21.5/node_modules/esbuild/lib/main.js:1275:21:      1275          let result = await callback({                                 ^    at async open (node:internal/fs/promises:641:25)    at async Object.readFile (node:internal/fs/promises:1279:14)    at async htmlTypeOnLoadCallback (file:///C:/Users/gabriele/Documents/GitHub/PRIMO_POS/node_modules/.pnpm/vite@5.4.21_@types+node@22.19.2/node_modules/vite/dist/node/chunks/dep-BK3b2jBa.js:49701:19)    at async requestCallbacks.on-load (C:\\Users\\gabriele\\Documents\\GitHub\\PRIMO_POS\\node_modules\\.pnpm\\esbuild@0.21.5\\node_modules\\esbuild\\lib\\main.js:1275:22)    at async handleRequest (C:\\Users\\gabriele\\Documents\\GitHub\\PRIMO_POS\\node_modules\\.pnpm\\esbuild@0.21.5\\node_modules\\esbuild\\lib\\main.js:647:11)"
"pnpm/vite@5.4.21_@types+node@22.19.2/node_modules/vite/dist/node/chunks/dep-BK3b2jBa.js:49576:24)  The plugin \"vite:dep-scan\" was triggered by this import    script:C:/Users/gabriele/Documents/GitHub/PRIMO_POS/feature-modules/staff-module/src/views/StaffHubView.vue?id=0:202:7:      202  import '@pos-system/core-ui/src/components/StatusBadge.vue'                  ~~~~~~~~~~~~~~~~~~~~~~~~~~~~~~~~~~~~~~~~~~~~~~~~~~~~X [ERROR] ENOENT: no such file or directory, open 'C:\\Users\\gabriele\\Documents\\GitHub\\PRIMO_POS\\packages\\core-ui\\src\\src\\components\\TabButton.vue' [plugin vite:dep-scan]    ../../node_modules/.pnpm/esbuild@0.21.5/node_modules/esbuild/lib/main.js:1275:21:      1275          let result = await callback({                                 ^    at async open (node:internal/fs/promises:641:25)    at async Object.readFile (node:internal/fs/promises:1279:14)    at async htmlTypeOnLoadCallback (file:///C:/Users/gabriele/Documents/GitHub/PRIMO_POS/node_modules/.pnpm/vite@5.4.21_@types+node@22.19.2/node_modules/vite/dist/node/chunks/dep-BK3b2jBa.js:49701:19)    at async requestCallbacks.on-load (C:\\Users\\gabriele\\Documents\\GitHub\\PRIMO_POS\\node_modules\\.pnpm\\esbuild@0.21.5\\node_modules\\esbuild\\lib\\main.js:1275:22)    at async handleRequest (C:\\Users\\gabriele\\Documents\\GitHub\\PRIMO_POS\\node_modules\\.pnpm\\esbuild@0.21.5\\node_modules\\esbuild\\lib\\main.js:647:11)  This error came from the \"onLoad\" callback registered here:"
"pnpm/vite@5.4.21_@types+node@22.19.2/node_modules/vite/dist/node/chunks/dep-BK3b2jBa.js:49576:24)  The plugin \"vite:dep-scan\" was triggered by this import    script:C:/Users/gabriele/Documents/GitHub/PRIMO_POS/feature-modules/staff-module/src/views/StaffHubView.vue?id=0:202:7:      202  import '@pos-system/core-ui/src/components/StatusBadge.vue'                  ~~~~~~~~~~~~~~~~~~~~~~~~~~~~~~~~~~~~~~~~~~~~~~~~~~~~X [ERROR] ENOENT: no such file or directory, open 'C:\\Users\\gabriele\\Documents\\GitHub\\PRIMO_POS\\packages\\core-ui\\src\\src\\components\\TabButton.vue' [plugin vite:dep-scan]    ../../node_modules/.pnpm/esbuild@0.21.5/node_modules/esbuild/lib/main.js:1275:21:      1275          let result = await callback({                                 ^    at async open (node:internal/fs/promises:641:25)    at async Object.readFile (node:internal/fs/promises:1279:14)    at async htmlTypeOnLoadCallback (file:///C:/Users/gabriele/Documents/GitHub/PRIMO_POS/node_modules/.pnpm/vite@5.4.21_@types+node@22.19.2/node_modules/vite/dist/node/chunks/dep-BK3b2jBa.js:49701:19)    at async requestCallbacks.on-load (C:\\Users\\gabriele\\Documents\\GitHub\\PRIMO_POS\\node_modules\\.pnpm\\esbuild@0.21.5\\node_modules\\esbuild\\lib\\main.js:1275:22)    at async handleRequest (C:\\Users\\gabriele\\Documents\\GitHub\\PRIMO_POS\\node_modules\\.pnpm\\esbuild@0.21.5\\node_modules\\esbuild\\lib\\main.js:647:11)  This error came from the \"onLoad\" callback registered here:    ../../node_modules/.pnpm/esbuild@0.21.5/node_modules/esbuild/lib/main.js:1150:20:"
"pnpm/vite@5.4.21_@types+node@22.19.2/node_modules/vite/dist/node/chunks/dep-BK3b2jBa.js:49576:24)  The plugin \"vite:dep-scan\" was triggered by this import    script:C:/Users/gabriele/Documents/GitHub/PRIMO_POS/feature-modules/staff-module/src/views/StaffHubView.vue?id=0:202:7:      202  import '@pos-system/core-ui/src/components/StatusBadge.vue'                  ~~~~~~~~~~~~~~~~~~~~~~~~~~~~~~~~~~~~~~~~~~~~~~~~~~~~X [ERROR] ENOENT: no such file or directory, open 'C:\\Users\\gabriele\\Documents\\GitHub\\PRIMO_POS\\packages\\core-ui\\src\\src\\components\\TabButton.vue' [plugin vite:dep-scan]    ../../node_modules/.pnpm/esbuild@0.21.5/node_modules/esbuild/lib/main.js:1275:21:      1275          let result = await callback({                                 ^    at async open (node:internal/fs/promises:641:25)    at async Object.readFile (node:internal/fs/promises:1279:14)    at async htmlTypeOnLoadCallback (file:///C:/Users/gabriele/Documents/GitHub/PRIMO_POS/node_modules/.pnpm/vite@5.4.21_@types+node@22.19.2/node_modules/vite/dist/node/chunks/dep-BK3b2jBa.js:49701:19)    at async requestCallbacks.on-load (C:\\Users\\gabriele\\Documents\\GitHub\\PRIMO_POS\\node_modules\\.pnpm\\esbuild@0.21.5\\node_modules\\esbuild\\lib\\main.js:1275:22)    at async handleRequest (C:\\Users\\gabriele\\Documents\\GitHub\\PRIMO_POS\\node_modules\\.pnpm\\esbuild@0.21.5\\node_modules\\esbuild\\lib\\main.js:647:11)  This error came from the \"onLoad\" callback registered here:    ../../node_modules/.pnpm/esbuild@0.21.5/node_modules/esbuild/lib/main.js:1150:20:      1150        let promise = setup({"
"pnpm/vite@5.4.21_@types+node@22.19.2/node_modules/vite/dist/node/chunks/dep-BK3b2jBa.js:49576:24)  The plugin \"vite:dep-scan\" was triggered by this import    script:C:/Users/gabriele/Documents/GitHub/PRIMO_POS/feature-modules/staff-module/src/views/StaffHubView.vue?id=0:202:7:      202  import '@pos-system/core-ui/src/components/StatusBadge.vue'                  ~~~~~~~~~~~~~~~~~~~~~~~~~~~~~~~~~~~~~~~~~~~~~~~~~~~~X [ERROR] ENOENT: no such file or directory, open 'C:\\Users\\gabriele\\Documents\\GitHub\\PRIMO_POS\\packages\\core-ui\\src\\src\\components\\TabButton.vue' [plugin vite:dep-scan]    ../../node_modules/.pnpm/esbuild@0.21.5/node_modules/esbuild/lib/main.js:1275:21:      1275          let result = await callback({                                 ^    at async open (node:internal/fs/promises:641:25)    at async Object.readFile (node:internal/fs/promises:1279:14)    at async htmlTypeOnLoadCallback (file:///C:/Users/gabriele/Documents/GitHub/PRIMO_POS/node_modules/.pnpm/vite@5.4.21_@types+node@22.19.2/node_modules/vite/dist/node/chunks/dep-BK3b2jBa.js:49701:19)    at async requestCallbacks.on-load (C:\\Users\\gabriele\\Documents\\GitHub\\PRIMO_POS\\node_modules\\.pnpm\\esbuild@0.21.5\\node_modules\\esbuild\\lib\\main.js:1275:22)    at async handleRequest (C:\\Users\\gabriele\\Documents\\GitHub\\PRIMO_POS\\node_modules\\.pnpm\\esbuild@0.21.5\\node_modules\\esbuild\\lib\\main.js:647:11)  This error came from the \"onLoad\" callback registered here:    ../../node_modules/.pnpm/esbuild@0.21.5/node_modules/esbuild/lib/main.js:1150:20:      1150        let promise = setup({                                ^"
"pnpm/vite@5.4.21_@types+node@22.19.2/node_modules/vite/dist/node/chunks/dep-BK3b2jBa.js:49576:24)  The plugin \"vite:dep-scan\" was triggered by this import    script:C:/Users/gabriele/Documents/GitHub/PRIMO_POS/feature-modules/staff-module/src/views/StaffHubView.vue?id=0:202:7:      202  import '@pos-system/core-ui/src/components/StatusBadge.vue'                  ~~~~~~~~~~~~~~~~~~~~~~~~~~~~~~~~~~~~~~~~~~~~~~~~~~~~X [ERROR] ENOENT: no such file or directory, open 'C:\\Users\\gabriele\\Documents\\GitHub\\PRIMO_POS\\packages\\core-ui\\src\\src\\components\\TabButton.vue' [plugin vite:dep-scan]    ../../node_modules/.pnpm/esbuild@0.21.5/node_modules/esbuild/lib/main.js:1275:21:      1275          let result = await callback({                                 ^    at async open (node:internal/fs/promises:641:25)    at async Object.readFile (node:internal/fs/promises:1279:14)    at async htmlTypeOnLoadCallback (file:///C:/Users/gabriele/Documents/GitHub/PRIMO_POS/node_modules/.pnpm/vite@5.4.21_@types+node@22.19.2/node_modules/vite/dist/node/chunks/dep-BK3b2jBa.js:49701:19)    at async requestCallbacks.on-load (C:\\Users\\gabriele\\Documents\\GitHub\\PRIMO_POS\\node_modules\\.pnpm\\esbuild@0.21.5\\node_modules\\esbuild\\lib\\main.js:1275:22)    at async handleRequest (C:\\Users\\gabriele\\Documents\\GitHub\\PRIMO_POS\\node_modules\\.pnpm\\esbuild@0.21.5\\node_modules\\esbuild\\lib\\main.js:647:11)  This error came from the \"onLoad\" callback registered here:    ../../node_modules/.pnpm/esbuild@0.21.5/node_modules/esbuild/lib/main.js:1150:20:      1150        let promise = setup({                                ^    at setup (file:///C:/Users/gabriele/Documents/GitHub/PRIMO_POS/node_modules/.pnpm/vite@5.4.21_@types+node@22.19.2/node_modules/vite/dist/node/chunks/dep-BK3b2jBa.js:49781:13)"
"pnpm/vite@5.4.21_@types+node@22.19.2/node_modules/vite/dist/node/chunks/dep-BK3b2jBa.js:49576:24)  The plugin \"vite:dep-scan\" was triggered by this import    script:C:/Users/gabriele/Documents/GitHub/PRIMO_POS/feature-modules/staff-module/src/views/StaffHubView.vue?id=0:202:7:      202  import '@pos-system/core-ui/src/components/StatusBadge.vue'                  ~~~~~~~~~~~~~~~~~~~~~~~~~~~~~~~~~~~~~~~~~~~~~~~~~~~~X [ERROR] ENOENT: no such file or directory, open 'C:\\Users\\gabriele\\Documents\\GitHub\\PRIMO_POS\\packages\\core-ui\\src\\src\\components\\TabButton.vue' [plugin vite:dep-scan]    ../../node_modules/.pnpm/esbuild@0.21.5/node_modules/esbuild/lib/main.js:1275:21:      1275          let result = await callback({                                 ^    at async open (node:internal/fs/promises:641:25)    at async Object.readFile (node:internal/fs/promises:1279:14)    at async htmlTypeOnLoadCallback (file:///C:/Users/gabriele/Documents/GitHub/PRIMO_POS/node_modules/.pnpm/vite@5.4.21_@types+node@22.19.2/node_modules/vite/dist/node/chunks/dep-BK3b2jBa.js:49701:19)    at async requestCallbacks.on-load (C:\\Users\\gabriele\\Documents\\GitHub\\PRIMO_POS\\node_modules\\.pnpm\\esbuild@0.21.5\\node_modules\\esbuild\\lib\\main.js:1275:22)    at async handleRequest (C:\\Users\\gabriele\\Documents\\GitHub\\PRIMO_POS\\node_modules\\.pnpm\\esbuild@0.21.5\\node_modules\\esbuild\\lib\\main.js:647:11)  This error came from the \"onLoad\" callback registered here:    ../../node_modules/.pnpm/esbuild@0.21.5/node_modules/esbuild/lib/main.js:1150:20:      1150        let promise = setup({                                ^    at setup (file:///C:/Users/gabriele/Documents/GitHub/PRIMO_POS/node_modules/.pnpm/vite@5.4.21_@types+node@22.19.2/node_modules/vite/dist/node/chunks/dep-BK3b2jBa.js:49781:13)    at handlePlugins (C:\\Users\\gabriele\\Documents\\GitHub\\PRIMO_POS\\node_modules\\.pnpm\\esbuild@0.21.5\\node_modules\\esbuild\\lib\\main.js:1150:21)"
"pnpm/vite@5.4.21_@types+node@22.19.2/node_modules/vite/dist/node/chunks/dep-BK3b2jBa.js:49576:24)  The plugin \"vite:dep-scan\" was triggered by this import    script:C:/Users/gabriele/Documents/GitHub/PRIMO_POS/feature-modules/staff-module/src/views/StaffHubView.vue?id=0:202:7:      202  import '@pos-system/core-ui/src/components/StatusBadge.vue'                  ~~~~~~~~~~~~~~~~~~~~~~~~~~~~~~~~~~~~~~~~~~~~~~~~~~~~X [ERROR] ENOENT: no such file or directory, open 'C:\\Users\\gabriele\\Documents\\GitHub\\PRIMO_POS\\packages\\core-ui\\src\\src\\components\\TabButton.vue' [plugin vite:dep-scan]    ../../node_modules/.pnpm/esbuild@0.21.5/node_modules/esbuild/lib/main.js:1275:21:      1275          let result = await callback({                                 ^    at async open (node:internal/fs/promises:641:25)    at async Object.readFile (node:internal/fs/promises:1279:14)    at async htmlTypeOnLoadCallback (file:///C:/Users/gabriele/Documents/GitHub/PRIMO_POS/node_modules/.pnpm/vite@5.4.21_@types+node@22.19.2/node_modules/vite/dist/node/chunks/dep-BK3b2jBa.js:49701:19)    at async requestCallbacks.on-load (C:\\Users\\gabriele\\Documents\\GitHub\\PRIMO_POS\\node_modules\\.pnpm\\esbuild@0.21.5\\node_modules\\esbuild\\lib\\main.js:1275:22)    at async handleRequest (C:\\Users\\gabriele\\Documents\\GitHub\\PRIMO_POS\\node_modules\\.pnpm\\esbuild@0.21.5\\node_modules\\esbuild\\lib\\main.js:647:11)  This error came from the \"onLoad\" callback registered here:    ../../node_modules/.pnpm/esbuild@0.21.5/node_modules/esbuild/lib/main.js:1150:20:      1150        let promise = setup({                                ^    at setup (file:///C:/Users/gabriele/Documents/GitHub/PRIMO_POS/node_modules/.pnpm/vite@5.4.21_@types+node@22.19.2/node_modules/vite/dist/node/chunks/dep-BK3b2jBa.js:49781:13)    at handlePlugins (C:\\Users\\gabriele\\Documents\\GitHub\\PRIMO_POS\\node_modules\\.pnpm\\esbuild@0.21.5\\node_modules\\esbuild\\lib\\main.js:1150:21)    at buildOrContextImpl (C:\\Users\\gabriele\\Documents\\GitHub\\PRIMO_POS\\node_modules\\.pnpm\\esbuild@0.21.5\\node_modules\\esbuild\\lib\\main.js:873:5)"
"pnpm/vite@5.4.21_@types+node@22.19.2/node_modules/vite/dist/node/chunks/dep-BK3b2jBa.js:49576:24)  The plugin \"vite:dep-scan\" was triggered by this import    script:C:/Users/gabriele/Documents/GitHub/PRIMO_POS/feature-modules/staff-module/src/views/StaffHubView.vue?id=0:202:7:      202  import '@pos-system/core-ui/src/components/StatusBadge.vue'                  ~~~~~~~~~~~~~~~~~~~~~~~~~~~~~~~~~~~~~~~~~~~~~~~~~~~~X [ERROR] ENOENT: no such file or directory, open 'C:\\Users\\gabriele\\Documents\\GitHub\\PRIMO_POS\\packages\\core-ui\\src\\src\\components\\TabButton.vue' [plugin vite:dep-scan]    ../../node_modules/.pnpm/esbuild@0.21.5/node_modules/esbuild/lib/main.js:1275:21:      1275          let result = await callback({                                 ^    at async open (node:internal/fs/promises:641:25)    at async Object.readFile (node:internal/fs/promises:1279:14)    at async htmlTypeOnLoadCallback (file:///C:/Users/gabriele/Documents/GitHub/PRIMO_POS/node_modules/.pnpm/vite@5.4.21_@types+node@22.19.2/node_modules/vite/dist/node/chunks/dep-BK3b2jBa.js:49701:19)    at async requestCallbacks.on-load (C:\\Users\\gabriele\\Documents\\GitHub\\PRIMO_POS\\node_modules\\.pnpm\\esbuild@0.21.5\\node_modules\\esbuild\\lib\\main.js:1275:22)    at async handleRequest (C:\\Users\\gabriele\\Documents\\GitHub\\PRIMO_POS\\node_modules\\.pnpm\\esbuild@0.21.5\\node_modules\\esbuild\\lib\\main.js:647:11)  This error came from the \"onLoad\" callback registered here:    ../../node_modules/.pnpm/esbuild@0.21.5/node_modules/esbuild/lib/main.js:1150:20:      1150        let promise = setup({                                ^    at setup (file:///C:/Users/gabriele/Documents/GitHub/PRIMO_POS/node_modules/.pnpm/vite@5.4.21_@types+node@22.19.2/node_modules/vite/dist/node/chunks/dep-BK3b2jBa.js:49781:13)    at handlePlugins (C:\\Users\\gabriele\\Documents\\GitHub\\PRIMO_POS\\node_modules\\.pnpm\\esbuild@0.21.5\\node_modules\\esbuild\\lib\\main.js:1150:21)    at buildOrContextImpl (C:\\Users\\gabriele\\Documents\\GitHub\\PRIMO_POS\\node_modules\\.pnpm\\esbuild@0.21.5\\node_modules\\esbuild\\lib\\main.js:873:5)    at Object.buildOrContext (C:\\Users\\gabriele\\Documents\\GitHub\\PRIMO_POS\\node_modules\\.pnpm\\esbuild@0.21.5\\node_modules\\esbuild\\lib\\main.js:699:5)"
"pnpm/vite@5.4.21_@types+node@22.19.2/node_modules/vite/dist/node/chunks/dep-BK3b2jBa.js:49576:24)  The plugin \"vite:dep-scan\" was triggered by this import    script:C:/Users/gabriele/Documents/GitHub/PRIMO_POS/feature-modules/staff-module/src/views/StaffHubView.vue?id=0:202:7:      202  import '@pos-system/core-ui/src/components/StatusBadge.vue'                  ~~~~~~~~~~~~~~~~~~~~~~~~~~~~~~~~~~~~~~~~~~~~~~~~~~~~X [ERROR] ENOENT: no such file or directory, open 'C:\\Users\\gabriele\\Documents\\GitHub\\PRIMO_POS\\packages\\core-ui\\src\\src\\components\\TabButton.vue' [plugin vite:dep-scan]    ../../node_modules/.pnpm/esbuild@0.21.5/node_modules/esbuild/lib/main.js:1275:21:      1275          let result = await callback({                                 ^    at async open (node:internal/fs/promises:641:25)    at async Object.readFile (node:internal/fs/promises:1279:14)    at async htmlTypeOnLoadCallback (file:///C:/Users/gabriele/Documents/GitHub/PRIMO_POS/node_modules/.pnpm/vite@5.4.21_@types+node@22.19.2/node_modules/vite/dist/node/chunks/dep-BK3b2jBa.js:49701:19)    at async requestCallbacks.on-load (C:\\Users\\gabriele\\Documents\\GitHub\\PRIMO_POS\\node_modules\\.pnpm\\esbuild@0.21.5\\node_modules\\esbuild\\lib\\main.js:1275:22)    at async handleRequest (C:\\Users\\gabriele\\Documents\\GitHub\\PRIMO_POS\\node_modules\\.pnpm\\esbuild@0.21.5\\node_modules\\esbuild\\lib\\main.js:647:11)  This error came from the \"onLoad\" callback registered here:    ../../node_modules/.pnpm/esbuild@0.21.5/node_modules/esbuild/lib/main.js:1150:20:      1150        let promise = setup({                                ^    at setup (file:///C:/Users/gabriele/Documents/GitHub/PRIMO_POS/node_modules/.pnpm/vite@5.4.21_@types+node@22.19.2/node_modules/vite/dist/node/chunks/dep-BK3b2jBa.js:49781:13)    at handlePlugins (C:\\Users\\gabriele\\Documents\\GitHub\\PRIMO_POS\\node_modules\\.pnpm\\esbuild@0.21.5\\node_modules\\esbuild\\lib\\main.js:1150:21)    at buildOrContextImpl (C:\\Users\\gabriele\\Documents\\GitHub\\PRIMO_POS\\node_modules\\.pnpm\\esbuild@0.21.5\\node_modules\\esbuild\\lib\\main.js:873:5)    at Object.buildOrContext (C:\\Users\\gabriele\\Documents\\GitHub\\PRIMO_POS\\node_modules\\.pnpm\\esbuild@0.21.5\\node_modules\\esbuild\\lib\\main.js:699:5)    at C:\\Users\\gabriele\\Documents\\GitHub\\PRIMO_POS\\node_modules\\.pnpm\\esbuild@0.21.5\\node_modules\\esbuild\\lib\\main.js:2032:68"
"pnpm/vite@5.4.21_@types+node@22.19.2/node_modules/vite/dist/node/chunks/dep-BK3b2jBa.js:49576:24)  The plugin \"vite:dep-scan\" was triggered by this import    script:C:/Users/gabriele/Documents/GitHub/PRIMO_POS/feature-modules/staff-module/src/views/StaffHubView.vue?id=0:202:7:      202  import '@pos-system/core-ui/src/components/StatusBadge.vue'                  ~~~~~~~~~~~~~~~~~~~~~~~~~~~~~~~~~~~~~~~~~~~~~~~~~~~~X [ERROR] ENOENT: no such file or directory, open 'C:\\Users\\gabriele\\Documents\\GitHub\\PRIMO_POS\\packages\\core-ui\\src\\src\\components\\TabButton.vue' [plugin vite:dep-scan]    ../../node_modules/.pnpm/esbuild@0.21.5/node_modules/esbuild/lib/main.js:1275:21:      1275          let result = await callback({                                 ^    at async open (node:internal/fs/promises:641:25)    at async Object.readFile (node:internal/fs/promises:1279:14)    at async htmlTypeOnLoadCallback (file:///C:/Users/gabriele/Documents/GitHub/PRIMO_POS/node_modules/.pnpm/vite@5.4.21_@types+node@22.19.2/node_modules/vite/dist/node/chunks/dep-BK3b2jBa.js:49701:19)    at async requestCallbacks.on-load (C:\\Users\\gabriele\\Documents\\GitHub\\PRIMO_POS\\node_modules\\.pnpm\\esbuild@0.21.5\\node_modules\\esbuild\\lib\\main.js:1275:22)    at async handleRequest (C:\\Users\\gabriele\\Documents\\GitHub\\PRIMO_POS\\node_modules\\.pnpm\\esbuild@0.21.5\\node_modules\\esbuild\\lib\\main.js:647:11)  This error came from the \"onLoad\" callback registered here:    ../../node_modules/.pnpm/esbuild@0.21.5/node_modules/esbuild/lib/main.js:1150:20:      1150        let promise = setup({                                ^    at setup (file:///C:/Users/gabriele/Documents/GitHub/PRIMO_POS/node_modules/.pnpm/vite@5.4.21_@types+node@22.19.2/node_modules/vite/dist/node/chunks/dep-BK3b2jBa.js:49781:13)    at handlePlugins (C:\\Users\\gabriele\\Documents\\GitHub\\PRIMO_POS\\node_modules\\.pnpm\\esbuild@0.21.5\\node_modules\\esbuild\\lib\\main.js:1150:21)    at buildOrContextImpl (C:\\Users\\gabriele\\Documents\\GitHub\\PRIMO_POS\\node_modules\\.pnpm\\esbuild@0.21.5\\node_modules\\esbuild\\lib\\main.js:873:5)    at Object.buildOrContext (C:\\Users\\gabriele\\Documents\\GitHub\\PRIMO_POS\\node_modules\\.pnpm\\esbuild@0.21.5\\node_modules\\esbuild\\lib\\main.js:699:5)    at C:\\Users\\gabriele\\Documents\\GitHub\\PRIMO_POS\\node_modules\\.pnpm\\esbuild@0.21.5\\node_modules\\esbuild\\lib\\main.js:2032:68    at new Promise (<anonymous>)"
"pnpm/vite@5.4.21_@types+node@22.19.2/node_modules/vite/dist/node/chunks/dep-BK3b2jBa.js:49576:24)  The plugin \"vite:dep-scan\" was triggered by this import    script:C:/Users/gabriele/Documents/GitHub/PRIMO_POS/feature-modules/staff-module/src/views/StaffHubView.vue?id=0:202:7:      202  import '@pos-system/core-ui/src/components/StatusBadge.vue'                  ~~~~~~~~~~~~~~~~~~~~~~~~~~~~~~~~~~~~~~~~~~~~~~~~~~~~X [ERROR] ENOENT: no such file or directory, open 'C:\\Users\\gabriele\\Documents\\GitHub\\PRIMO_POS\\packages\\core-ui\\src\\src\\components\\TabButton.vue' [plugin vite:dep-scan]    ../../node_modules/.pnpm/esbuild@0.21.5/node_modules/esbuild/lib/main.js:1275:21:      1275          let result = await callback({                                 ^    at async open (node:internal/fs/promises:641:25)    at async Object.readFile (node:internal/fs/promises:1279:14)    at async htmlTypeOnLoadCallback (file:///C:/Users/gabriele/Documents/GitHub/PRIMO_POS/node_modules/.pnpm/vite@5.4.21_@types+node@22.19.2/node_modules/vite/dist/node/chunks/dep-BK3b2jBa.js:49701:19)    at async requestCallbacks.on-load (C:\\Users\\gabriele\\Documents\\GitHub\\PRIMO_POS\\node_modules\\.pnpm\\esbuild@0.21.5\\node_modules\\esbuild\\lib\\main.js:1275:22)    at async handleRequest (C:\\Users\\gabriele\\Documents\\GitHub\\PRIMO_POS\\node_modules\\.pnpm\\esbuild@0.21.5\\node_modules\\esbuild\\lib\\main.js:647:11)  This error came from the \"onLoad\" callback registered here:    ../../node_modules/.pnpm/esbuild@0.21.5/node_modules/esbuild/lib/main.js:1150:20:      1150        let promise = setup({                                ^    at setup (file:///C:/Users/gabriele/Documents/GitHub/PRIMO_POS/node_modules/.pnpm/vite@5.4.21_@types+node@22.19.2/node_modules/vite/dist/node/chunks/dep-BK3b2jBa.js:49781:13)    at handlePlugins (C:\\Users\\gabriele\\Documents\\GitHub\\PRIMO_POS\\node_modules\\.pnpm\\esbuild@0.21.5\\node_modules\\esbuild\\lib\\main.js:1150:21)    at buildOrContextImpl (C:\\Users\\gabriele\\Documents\\GitHub\\PRIMO_POS\\node_modules\\.pnpm\\esbuild@0.21.5\\node_modules\\esbuild\\lib\\main.js:873:5)    at Object.buildOrContext (C:\\Users\\gabriele\\Documents\\GitHub\\PRIMO_POS\\node_modules\\.pnpm\\esbuild@0.21.5\\node_modules\\esbuild\\lib\\main.js:699:5)    at C:\\Users\\gabriele\\Documents\\GitHub\\PRIMO_POS\\node_modules\\.pnpm\\esbuild@0.21.5\\node_modules\\esbuild\\lib\\main.js:2032:68    at new Promise (<anonymous>)    at Object.context (C:\\Users\\gabriele\\Documents\\GitHub\\PRIMO_POS\\node_modules\\.pnpm\\esbuild@0.21.5\\node_modules\\esbuild\\lib\\main.js:2032:27)"
"at Object.context (C:\\Users\\gabriele\\Documents\\GitHub\\PRIMO_POS\\node_modules\\.pnpm\\esbuild@0.21.5\\node_modules\\esbuild\\lib\\main.js:1874:58)"
"at Object.context (C:\\Users\\gabriele\\Documents\\GitHub\\PRIMO_POS\\node_modules\\.pnpm\\esbuild@0.21.5\\node_modules\\esbuild\\lib\\main.js:1874:58)    at prepareEsbuildScanner (file:///C:/Users/gabriele/Documents/GitHub/PRIMO_POS/node_modules/.pnpm/vite@5.4.21_@types+node@22.19.2/node_modules/vite/dist/node/chunks/dep-BK3b2jBa.js:49576:24)"
"at Object.context (C:\\Users\\gabriele\\Documents\\GitHub\\PRIMO_POS\\node_modules\\.pnpm\\esbuild@0.21.5\\node_modules\\esbuild\\lib\\main.js:1874:58)    at prepareEsbuildScanner (file:///C:/Users/gabriele/Documents/GitHub/PRIMO_POS/node_modules/.pnpm/vite@5.4.21_@types+node@22.19.2/node_modules/vite/dist/node/chunks/dep-BK3b2jBa.js:49576:24)  The plugin \"vite:dep-scan\" was triggered by this import"
"at Object.context (C:\\Users\\gabriele\\Documents\\GitHub\\PRIMO_POS\\node_modules\\.pnpm\\esbuild@0.21.5\\node_modules\\esbuild\\lib\\main.js:1874:58)    at prepareEsbuildScanner (file:///C:/Users/gabriele/Documents/GitHub/PRIMO_POS/node_modules/.pnpm/vite@5.4.21_@types+node@22.19.2/node_modules/vite/dist/node/chunks/dep-BK3b2jBa.js:49576:24)  The plugin \"vite:dep-scan\" was triggered by this import    script:C:/Users/gabriele/Documents/GitHub/PRIMO_POS/feature-modules/staff-module/src/views/StaffHubView.vue?id=0:200:7:"
"at Object.context (C:\\Users\\gabriele\\Documents\\GitHub\\PRIMO_POS\\node_modules\\.pnpm\\esbuild@0.21.5\\node_modules\\esbuild\\lib\\main.js:1874:58)    at prepareEsbuildScanner (file:///C:/Users/gabriele/Documents/GitHub/PRIMO_POS/node_modules/.pnpm/vite@5.4.21_@types+node@22.19.2/node_modules/vite/dist/node/chunks/dep-BK3b2jBa.js:49576:24)  The plugin \"vite:dep-scan\" was triggered by this import    script:C:/Users/gabriele/Documents/GitHub/PRIMO_POS/feature-modules/staff-module/src/views/StaffHubView.vue?id=0:200:7:      200  import '@pos-system/core-ui/src/components/TabButton.vue'"
"at Object.context (C:\\Users\\gabriele\\Documents\\GitHub\\PRIMO_POS\\node_modules\\.pnpm\\esbuild@0.21.5\\node_modules\\esbuild\\lib\\main.js:1874:58)    at prepareEsbuildScanner (file:///C:/Users/gabriele/Documents/GitHub/PRIMO_POS/node_modules/.pnpm/vite@5.4.21_@types+node@22.19.2/node_modules/vite/dist/node/chunks/dep-BK3b2jBa.js:49576:24)  The plugin \"vite:dep-scan\" was triggered by this import    script:C:/Users/gabriele/Documents/GitHub/PRIMO_POS/feature-modules/staff-module/src/views/StaffHubView.vue?id=0:200:7:      200  import '@pos-system/core-ui/src/components/TabButton.vue'                  ~~~~~~~~~~~~~~~~~~~~~~~~~~~~~~~~~~~~~~~~~~~~~~~~~~"
"at Object.context (C:\\Users\\gabriele\\Documents\\GitHub\\PRIMO_POS\\node_modules\\.pnpm\\esbuild@0.21.5\\node_modules\\esbuild\\lib\\main.js:1874:58)    at prepareEsbuildScanner (file:///C:/Users/gabriele/Documents/GitHub/PRIMO_POS/node_modules/.pnpm/vite@5.4.21_@types+node@22.19.2/node_modules/vite/dist/node/chunks/dep-BK3b2jBa.js:49576:24)  The plugin \"vite:dep-scan\" was triggered by this import    script:C:/Users/gabriele/Documents/GitHub/PRIMO_POS/feature-modules/staff-module/src/views/StaffHubView.vue?id=0:200:7:      200  import '@pos-system/core-ui/src/components/TabButton.vue'                  ~~~~~~~~~~~~~~~~~~~~~~~~~~~~~~~~~~~~~~~~~~~~~~~~~~    at failureErrorWithLog (C:\\Users\\gabriele\\Documents\\GitHub\\PRIMO_POS\\node_modules\\.pnpm\\esbuild@0.21.5\\node_modules\\esbuild\\lib\\main.js:1472:15)"
"at Object.context (C:\\Users\\gabriele\\Documents\\GitHub\\PRIMO_POS\\node_modules\\.pnpm\\esbuild@0.21.5\\node_modules\\esbuild\\lib\\main.js:1874:58)    at prepareEsbuildScanner (file:///C:/Users/gabriele/Documents/GitHub/PRIMO_POS/node_modules/.pnpm/vite@5.4.21_@types+node@22.19.2/node_modules/vite/dist/node/chunks/dep-BK3b2jBa.js:49576:24)  The plugin \"vite:dep-scan\" was triggered by this import    script:C:/Users/gabriele/Documents/GitHub/PRIMO_POS/feature-modules/staff-module/src/views/StaffHubView.vue?id=0:200:7:      200  import '@pos-system/core-ui/src/components/TabButton.vue'                  ~~~~~~~~~~~~~~~~~~~~~~~~~~~~~~~~~~~~~~~~~~~~~~~~~~    at failureErrorWithLog (C:\\Users\\gabriele\\Documents\\GitHub\\PRIMO_POS\\node_modules\\.pnpm\\esbuild@0.21.5\\node_modules\\esbuild\\lib\\main.js:1472:15)    at C:\\Users\\gabriele\\Documents\\GitHub\\PRIMO_POS\\node_modules\\.pnpm\\esbuild@0.21.5\\node_modules\\esbuild\\lib\\main.js:945:25"
"at Object.context (C:\\Users\\gabriele\\Documents\\GitHub\\PRIMO_POS\\node_modules\\.pnpm\\esbuild@0.21.5\\node_modules\\esbuild\\lib\\main.js:1874:58)    at prepareEsbuildScanner (file:///C:/Users/gabriele/Documents/GitHub/PRIMO_POS/node_modules/.pnpm/vite@5.4.21_@types+node@22.19.2/node_modules/vite/dist/node/chunks/dep-BK3b2jBa.js:49576:24)  The plugin \"vite:dep-scan\" was triggered by this import    script:C:/Users/gabriele/Documents/GitHub/PRIMO_POS/feature-modules/staff-module/src/views/StaffHubView.vue?id=0:200:7:      200  import '@pos-system/core-ui/src/components/TabButton.vue'                  ~~~~~~~~~~~~~~~~~~~~~~~~~~~~~~~~~~~~~~~~~~~~~~~~~~    at failureErrorWithLog (C:\\Users\\gabriele\\Documents\\GitHub\\PRIMO_POS\\node_modules\\.pnpm\\esbuild@0.21.5\\node_modules\\esbuild\\lib\\main.js:1472:15)    at C:\\Users\\gabriele\\Documents\\GitHub\\PRIMO_POS\\node_modules\\.pnpm\\esbuild@0.21.5\\node_modules\\esbuild\\lib\\main.js:945:25    at runOnEndCallbacks (C:\\Users\\gabriele\\Documents\\GitHub\\PRIMO_POS\\node_modules\\.pnpm\\esbuild@0.21.5\\node_modules\\esbuild\\lib\\main.js:1315:45)"
"at Object.context (C:\\Users\\gabriele\\Documents\\GitHub\\PRIMO_POS\\node_modules\\.pnpm\\esbuild@0.21.5\\node_modules\\esbuild\\lib\\main.js:1874:58)    at prepareEsbuildScanner (file:///C:/Users/gabriele/Documents/GitHub/PRIMO_POS/node_modules/.pnpm/vite@5.4.21_@types+node@22.19.2/node_modules/vite/dist/node/chunks/dep-BK3b2jBa.js:49576:24)  The plugin \"vite:dep-scan\" was triggered by this import    script:C:/Users/gabriele/Documents/GitHub/PRIMO_POS/feature-modules/staff-module/src/views/StaffHubView.vue?id=0:200:7:      200  import '@pos-system/core-ui/src/components/TabButton.vue'                  ~~~~~~~~~~~~~~~~~~~~~~~~~~~~~~~~~~~~~~~~~~~~~~~~~~    at failureErrorWithLog (C:\\Users\\gabriele\\Documents\\GitHub\\PRIMO_POS\\node_modules\\.pnpm\\esbuild@0.21.5\\node_modules\\esbuild\\lib\\main.js:1472:15)    at C:\\Users\\gabriele\\Documents\\GitHub\\PRIMO_POS\\node_modules\\.pnpm\\esbuild@0.21.5\\node_modules\\esbuild\\lib\\main.js:945:25    at runOnEndCallbacks (C:\\Users\\gabriele\\Documents\\GitHub\\PRIMO_POS\\node_modules\\.pnpm\\esbuild@0.21.5\\node_modules\\esbuild\\lib\\main.js:1315:45)    at buildResponseToResult (C:\\Users\\gabriele\\Documents\\GitHub\\PRIMO_POS\\node_modules\\.pnpm\\esbuild@0.21.5\\node_modules\\esbuild\\lib\\main.js:943:7)"
"at Object.context (C:\\Users\\gabriele\\Documents\\GitHub\\PRIMO_POS\\node_modules\\.pnpm\\esbuild@0.21.5\\node_modules\\esbuild\\lib\\main.js:1874:58)    at prepareEsbuildScanner (file:///C:/Users/gabriele/Documents/GitHub/PRIMO_POS/node_modules/.pnpm/vite@5.4.21_@types+node@22.19.2/node_modules/vite/dist/node/chunks/dep-BK3b2jBa.js:49576:24)  The plugin \"vite:dep-scan\" was triggered by this import    script:C:/Users/gabriele/Documents/GitHub/PRIMO_POS/feature-modules/staff-module/src/views/StaffHubView.vue?id=0:200:7:      200  import '@pos-system/core-ui/src/components/TabButton.vue'                  ~~~~~~~~~~~~~~~~~~~~~~~~~~~~~~~~~~~~~~~~~~~~~~~~~~    at failureErrorWithLog (C:\\Users\\gabriele\\Documents\\GitHub\\PRIMO_POS\\node_modules\\.pnpm\\esbuild@0.21.5\\node_modules\\esbuild\\lib\\main.js:1472:15)    at C:\\Users\\gabriele\\Documents\\GitHub\\PRIMO_POS\\node_modules\\.pnpm\\esbuild@0.21.5\\node_modules\\esbuild\\lib\\main.js:945:25    at runOnEndCallbacks (C:\\Users\\gabriele\\Documents\\GitHub\\PRIMO_POS\\node_modules\\.pnpm\\esbuild@0.21.5\\node_modules\\esbuild\\lib\\main.js:1315:45)    at buildResponseToResult (C:\\Users\\gabriele\\Documents\\GitHub\\PRIMO_POS\\node_modules\\.pnpm\\esbuild@0.21.5\\node_modules\\esbuild\\lib\\main.js:943:7)    at C:\\Users\\gabriele\\Documents\\GitHub\\PRIMO_POS\\node_modules\\.pnpm\\esbuild@0.21.5\\node_modules\\esbuild\\lib\\main.js:955:9"
"at Object.context (C:\\Users\\gabriele\\Documents\\GitHub\\PRIMO_POS\\node_modules\\.pnpm\\esbuild@0.21.5\\node_modules\\esbuild\\lib\\main.js:1874:58)    at prepareEsbuildScanner (file:///C:/Users/gabriele/Documents/GitHub/PRIMO_POS/node_modules/.pnpm/vite@5.4.21_@types+node@22.19.2/node_modules/vite/dist/node/chunks/dep-BK3b2jBa.js:49576:24)  The plugin \"vite:dep-scan\" was triggered by this import    script:C:/Users/gabriele/Documents/GitHub/PRIMO_POS/feature-modules/staff-module/src/views/StaffHubView.vue?id=0:200:7:      200  import '@pos-system/core-ui/src/components/TabButton.vue'                  ~~~~~~~~~~~~~~~~~~~~~~~~~~~~~~~~~~~~~~~~~~~~~~~~~~    at failureErrorWithLog (C:\\Users\\gabriele\\Documents\\GitHub\\PRIMO_POS\\node_modules\\.pnpm\\esbuild@0.21.5\\node_modules\\esbuild\\lib\\main.js:1472:15)    at C:\\Users\\gabriele\\Documents\\GitHub\\PRIMO_POS\\node_modules\\.pnpm\\esbuild@0.21.5\\node_modules\\esbuild\\lib\\main.js:945:25    at runOnEndCallbacks (C:\\Users\\gabriele\\Documents\\GitHub\\PRIMO_POS\\node_modules\\.pnpm\\esbuild@0.21.5\\node_modules\\esbuild\\lib\\main.js:1315:45)    at buildResponseToResult (C:\\Users\\gabriele\\Documents\\GitHub\\PRIMO_POS\\node_modules\\.pnpm\\esbuild@0.21.5\\node_modules\\esbuild\\lib\\main.js:943:7)    at C:\\Users\\gabriele\\Documents\\GitHub\\PRIMO_POS\\node_modules\\.pnpm\\esbuild@0.21.5\\node_modules\\esbuild\\lib\\main.js:955:9    at new Promise (<anonymous>)"
"at Object.context (C:\\Users\\gabriele\\Documents\\GitHub\\PRIMO_POS\\node_modules\\.pnpm\\esbuild@0.21.5\\node_modules\\esbuild\\lib\\main.js:1874:58)    at prepareEsbuildScanner (file:///C:/Users/gabriele/Documents/GitHub/PRIMO_POS/node_modules/.pnpm/vite@5.4.21_@types+node@22.19.2/node_modules/vite/dist/node/chunks/dep-BK3b2jBa.js:49576:24)  The plugin \"vite:dep-scan\" was triggered by this import    script:C:/Users/gabriele/Documents/GitHub/PRIMO_POS/feature-modules/staff-module/src/views/StaffHubView.vue?id=0:200:7:      200  import '@pos-system/core-ui/src/components/TabButton.vue'                  ~~~~~~~~~~~~~~~~~~~~~~~~~~~~~~~~~~~~~~~~~~~~~~~~~~    at failureErrorWithLog (C:\\Users\\gabriele\\Documents\\GitHub\\PRIMO_POS\\node_modules\\.pnpm\\esbuild@0.21.5\\node_modules\\esbuild\\lib\\main.js:1472:15)    at C:\\Users\\gabriele\\Documents\\GitHub\\PRIMO_POS\\node_modules\\.pnpm\\esbuild@0.21.5\\node_modules\\esbuild\\lib\\main.js:945:25    at runOnEndCallbacks (C:\\Users\\gabriele\\Documents\\GitHub\\PRIMO_POS\\node_modules\\.pnpm\\esbuild@0.21.5\\node_modules\\esbuild\\lib\\main.js:1315:45)    at buildResponseToResult (C:\\Users\\gabriele\\Documents\\GitHub\\PRIMO_POS\\node_modules\\.pnpm\\esbuild@0.21.5\\node_modules\\esbuild\\lib\\main.js:943:7)    at C:\\Users\\gabriele\\Documents\\GitHub\\PRIMO_POS\\node_modules\\.pnpm\\esbuild@0.21.5\\node_modules\\esbuild\\lib\\main.js:955:9    at new Promise (<anonymous>)    at requestCallbacks.on-end (C:\\Users\\gabriele\\Documents\\GitHub\\PRIMO_POS\\node_modules\\.pnpm\\esbuild@0.21.5\\node_modules\\esbuild\\lib\\main.js:954:54)"
"at Object.context (C:\\Users\\gabriele\\Documents\\GitHub\\PRIMO_POS\\node_modules\\.pnpm\\esbuild@0.21.5\\node_modules\\esbuild\\lib\\main.js:1874:58)    at prepareEsbuildScanner (file:///C:/Users/gabriele/Documents/GitHub/PRIMO_POS/node_modules/.pnpm/vite@5.4.21_@types+node@22.19.2/node_modules/vite/dist/node/chunks/dep-BK3b2jBa.js:49576:24)  The plugin \"vite:dep-scan\" was triggered by this import    script:C:/Users/gabriele/Documents/GitHub/PRIMO_POS/feature-modules/staff-module/src/views/StaffHubView.vue?id=0:200:7:      200  import '@pos-system/core-ui/src/components/TabButton.vue'                  ~~~~~~~~~~~~~~~~~~~~~~~~~~~~~~~~~~~~~~~~~~~~~~~~~~    at failureErrorWithLog (C:\\Users\\gabriele\\Documents\\GitHub\\PRIMO_POS\\node_modules\\.pnpm\\esbuild@0.21.5\\node_modules\\esbuild\\lib\\main.js:1472:15)    at C:\\Users\\gabriele\\Documents\\GitHub\\PRIMO_POS\\node_modules\\.pnpm\\esbuild@0.21.5\\node_modules\\esbuild\\lib\\main.js:945:25    at runOnEndCallbacks (C:\\Users\\gabriele\\Documents\\GitHub\\PRIMO_POS\\node_modules\\.pnpm\\esbuild@0.21.5\\node_modules\\esbuild\\lib\\main.js:1315:45)    at buildResponseToResult (C:\\Users\\gabriele\\Documents\\GitHub\\PRIMO_POS\\node_modules\\.pnpm\\esbuild@0.21.5\\node_modules\\esbuild\\lib\\main.js:943:7)    at C:\\Users\\gabriele\\Documents\\GitHub\\PRIMO_POS\\node_modules\\.pnpm\\esbuild@0.21.5\\node_modules\\esbuild\\lib\\main.js:955:9    at new Promise (<anonymous>)    at requestCallbacks.on-end (C:\\Users\\gabriele\\Documents\\GitHub\\PRIMO_POS\\node_modules\\.pnpm\\esbuild@0.21.5\\node_modules\\esbuild\\lib\\main.js:954:54)    at handleRequest (C:\\Users\\gabriele\\Documents\\GitHub\\PRIMO_POS\\node_modules\\.pnpm\\esbuild@0.21.5\\node_modules\\esbuild\\lib\\main.js:647:17)"
"at Object.context (C:\\Users\\gabriele\\Documents\\GitHub\\PRIMO_POS\\node_modules\\.pnpm\\esbuild@0.21.5\\node_modules\\esbuild\\lib\\main.js:1874:58)    at prepareEsbuildScanner (file:///C:/Users/gabriele/Documents/GitHub/PRIMO_POS/node_modules/.pnpm/vite@5.4.21_@types+node@22.19.2/node_modules/vite/dist/node/chunks/dep-BK3b2jBa.js:49576:24)  The plugin \"vite:dep-scan\" was triggered by this import    script:C:/Users/gabriele/Documents/GitHub/PRIMO_POS/feature-modules/staff-module/src/views/StaffHubView.vue?id=0:200:7:      200  import '@pos-system/core-ui/src/components/TabButton.vue'                  ~~~~~~~~~~~~~~~~~~~~~~~~~~~~~~~~~~~~~~~~~~~~~~~~~~    at failureErrorWithLog (C:\\Users\\gabriele\\Documents\\GitHub\\PRIMO_POS\\node_modules\\.pnpm\\esbuild@0.21.5\\node_modules\\esbuild\\lib\\main.js:1472:15)    at C:\\Users\\gabriele\\Documents\\GitHub\\PRIMO_POS\\node_modules\\.pnpm\\esbuild@0.21.5\\node_modules\\esbuild\\lib\\main.js:945:25    at runOnEndCallbacks (C:\\Users\\gabriele\\Documents\\GitHub\\PRIMO_POS\\node_modules\\.pnpm\\esbuild@0.21.5\\node_modules\\esbuild\\lib\\main.js:1315:45)    at buildResponseToResult (C:\\Users\\gabriele\\Documents\\GitHub\\PRIMO_POS\\node_modules\\.pnpm\\esbuild@0.21.5\\node_modules\\esbuild\\lib\\main.js:943:7)    at C:\\Users\\gabriele\\Documents\\GitHub\\PRIMO_POS\\node_modules\\.pnpm\\esbuild@0.21.5\\node_modules\\esbuild\\lib\\main.js:955:9    at new Promise (<anonymous>)    at requestCallbacks.on-end (C:\\Users\\gabriele\\Documents\\GitHub\\PRIMO_POS\\node_modules\\.pnpm\\esbuild@0.21.5\\node_modules\\esbuild\\lib\\main.js:954:54)    at handleRequest (C:\\Users\\gabriele\\Documents\\GitHub\\PRIMO_POS\\node_modules\\.pnpm\\esbuild@0.21.5\\node_modules\\esbuild\\lib\\main.js:647:17)    at handleIncomingPacket (C:\\Users\\gabriele\\Documents\\GitHub\\PRIMO_POS\\node_modules\\.pnpm\\esbuild@0.21.5\\node_modules\\esbuild\\lib\\main.js:672:7)"
"at Object.context (C:\\Users\\gabriele\\Documents\\GitHub\\PRIMO_POS\\node_modules\\.pnpm\\esbuild@0.21.5\\node_modules\\esbuild\\lib\\main.js:1874:58)    at prepareEsbuildScanner (file:///C:/Users/gabriele/Documents/GitHub/PRIMO_POS/node_modules/.pnpm/vite@5.4.21_@types+node@22.19.2/node_modules/vite/dist/node/chunks/dep-BK3b2jBa.js:49576:24)  The plugin \"vite:dep-scan\" was triggered by this import    script:C:/Users/gabriele/Documents/GitHub/PRIMO_POS/feature-modules/staff-module/src/views/StaffHubView.vue?id=0:200:7:      200  import '@pos-system/core-ui/src/components/TabButton.vue'                  ~~~~~~~~~~~~~~~~~~~~~~~~~~~~~~~~~~~~~~~~~~~~~~~~~~    at failureErrorWithLog (C:\\Users\\gabriele\\Documents\\GitHub\\PRIMO_POS\\node_modules\\.pnpm\\esbuild@0.21.5\\node_modules\\esbuild\\lib\\main.js:1472:15)    at C:\\Users\\gabriele\\Documents\\GitHub\\PRIMO_POS\\node_modules\\.pnpm\\esbuild@0.21.5\\node_modules\\esbuild\\lib\\main.js:945:25    at runOnEndCallbacks (C:\\Users\\gabriele\\Documents\\GitHub\\PRIMO_POS\\node_modules\\.pnpm\\esbuild@0.21.5\\node_modules\\esbuild\\lib\\main.js:1315:45)    at buildResponseToResult (C:\\Users\\gabriele\\Documents\\GitHub\\PRIMO_POS\\node_modules\\.pnpm\\esbuild@0.21.5\\node_modules\\esbuild\\lib\\main.js:943:7)    at C:\\Users\\gabriele\\Documents\\GitHub\\PRIMO_POS\\node_modules\\.pnpm\\esbuild@0.21.5\\node_modules\\esbuild\\lib\\main.js:955:9    at new Promise (<anonymous>)    at requestCallbacks.on-end (C:\\Users\\gabriele\\Documents\\GitHub\\PRIMO_POS\\node_modules\\.pnpm\\esbuild@0.21.5\\node_modules\\esbuild\\lib\\main.js:954:54)    at handleRequest (C:\\Users\\gabriele\\Documents\\GitHub\\PRIMO_POS\\node_modules\\.pnpm\\esbuild@0.21.5\\node_modules\\esbuild\\lib\\main.js:647:17)    at handleIncomingPacket (C:\\Users\\gabriele\\Documents\\GitHub\\PRIMO_POS\\node_modules\\.pnpm\\esbuild@0.21.5\\node_modules\\esbuild\\lib\\main.js:672:7)    at Socket.readFromStdout (C:\\Users\\gabriele\\Documents\\GitHub\\PRIMO_POS\\node_modules\\.pnpm\\esbuild@0.21.5\\node_modules\\esbuild\\lib\\main.js:600:7)"
"arregla todo"
"vive --agent coding"
"\"Cual es la arquitectura de PRIMO V2 y que capas tiene?\""
"vive --agent debug"
"vive --agent coding"
"he hecho unos cambio importantes.. me los puedes revisar porfi?? \n  \u2705 FASE 1.1 COMPLETADA: CRUD Completo de Empleados\n\n  \ud83c\udfaf Resumen de Implementaci\u00f3n\n\n  CRUD completo implementado con:\n  - \u2705 Create (Crear empleados)\n  - \u2705 Read (Listar empleados)\n  - \u2705 Update (Actualizar empleados, incluyendo cambio de PIN opcional)\n  - \u2705 Delete (Soft delete - marca como inactivo)\n\n  \ud83d\udce6 Archivos Creados\n\n  Use Cases:\n  - lib/features/employees/domain/usecases/update_employee_usecase.dart\n  - lib/features/employees/domain/usecases/delete_employee_usecase.dart\n\n  UI:\n  - lib/features/employees/presentation/widgets/employee_form_dialog.dart (Formulario reutilizable para crear/editar)\n\n  \ud83d\udd27 Archivos Modificados\n\n  Domain Layer:\n  - lib/features/employees/domain/repositories/employee_repository.dart - A\u00f1adidos m\u00e9todos updateEmployee() y deleteEmployee()\n\n  Data Layer:\n  - lib/features/employees/data/repositories/employee_repository_impl.dart - Implementados m\u00e9todos update/delete\n  - lib/features/employees/data/datasources/employee_local_datasource.dart - Interface actualizada\n  - lib/features/employees/data/datasources/employee_local_datasource_impl.dart - Implementaci\u00f3n con transacciones ACID\n  - lib/features/database/data/app_database.dart - Arreglado updateEmployee() para soportar updates parciales\n\n  Presentation Layer:\n  - lib/features/employees/presentation/bloc/employee_event.dart - A\u00f1adido UpdateEmployeeRequested\n  - lib/features/employees/presentation/bloc/employee_bloc.dart - Implementados handlers update/delete\n  - lib/features/employees/presentation/pages/employee_list_page.dart - UI profesional completa\n\n  Dependency Injection:\n  - lib/di/injection_container.dart - Registrados nuevos use cases\n\n  Bootstrap:\n  - lib/main.dart - Limpiado import no usado\n\n  \ud83d\udd10 Caracter\u00edsticas de Seguridad\n\n  1. ACID Transactions:\n    - Todas las operaciones CUD envueltas en database.transaction()\n    - Si falla auditor\u00eda \u2192 rollback autom\u00e1tico\n    - Validaci\u00f3n de PIN \u00fanico antes de insert/update\n  2. Validaci\u00f3n de PIN:\n    - Solo acepta PINs de 4 d\u00edgitos\n    - Valida unicidad excluyendo al empleado actual en updates\n    - Hash SHA-256 manejado por Pin value object\n  3. Protecci\u00f3n de Admin:\n    - No se puede eliminar el usuario admin-001\n    - Validaci\u00f3n en DeleteEmployeeUseCase\n    - UI oculta botones de editar/eliminar para admin\n  4. Soft Delete:\n    - No elimina registros, solo marca isActive = false\n    - Preserva integridad hist\u00f3rica y auditor\u00eda\n\n  \ud83c\udfa8 UI Profesional\n\n  Lista de Empleados:\n  - Cards con informaci\u00f3n detallada (rol, email, tel\u00e9fono)\n  - Colores por rol (Admin=Morado, Supervisor=Naranja, Kitchen=Verde, Staff=Azul)\n  - Botones de editar/eliminar (excepto para admin)\n  - Estados de loading con indicadores visuales\n  - Mensajes de \u00e9xito/error con \u00edconos\n\n  Formulario (Create/Edit):\n  - Validaciones en tiempo real\n  - Campos opcionales (email, tel\u00e9fono)\n  - Checkbox \"Cambiar PIN\" en modo edici\u00f3n\n  - Dropdown de roles\n  - Mensajes de error claros\n\n  \ud83e\uddea Validaci\u00f3n\n\n  \u2705 flutter analyze \u2192 0 issues\n  \u2705 flutter build windows \u2192 Build successful"
"hazme un .md de todo lo que has hecho porfi"
"vibe --agent gorouter"
"vibe --agent refactor"
"vibe --agent debug"
